

================================================================
== Vivado HLS Report for 'Sobel_512u_512u_s'
================================================================
* Date:           Wed Jan  6 15:36:40 2021

* Version:        2018.3 (Build 2405991 on Thu Dec 06 23:56:15 MST 2018)
* Project:        EdgeDetection
* Solution:       solution1
* Product family: aartix7
* Target device:  xa7a12tcsg325-1q


================================================================
== Performance Estimates
================================================================
+ Timing (ns): 
    * Summary: 
    +--------+-------+----------+------------+
    |  Clock | Target| Estimated| Uncertainty|
    +--------+-------+----------+------------+
    |ap_clk  |  10.00|     8.658|        1.25|
    +--------+-------+----------+------------+

+ Latency (clock cycles): 
    * Summary: 
    +--------+--------+--------+--------+---------+
    |     Latency     |     Interval    | Pipeline|
    |   min  |   max  |   min  |   max  |   Type  |
    +--------+--------+--------+--------+---------+
    |  276993|  276993|  276993|  276993|   none  |
    +--------+--------+--------+--------+---------+

    + Detail: 
        * Instance: 
        N/A

        * Loop: 
        +-------------+--------+--------+----------+-----------+-----------+------+----------+
        |             |     Latency     | Iteration|  Initiation Interval  | Trip |          |
        |  Loop Name  |   min  |   max  |  Latency |  achieved |   target  | Count| Pipelined|
        +-------------+--------+--------+----------+-----------+-----------+------+----------+
        |- Loop 1     |  276992|  276992|       541|          -|          -|   512|    no    |
        | + Loop 1.1  |     538|     538|        28|          1|          1|   512|    yes   |
        +-------------+--------+--------+----------+-----------+-----------+------+----------+

============================================================
+ Verbose Summary: Synthesis Manager
============================================================
InlineROM: 1
ExposeGlobal: 0
============================================================
+ Verbose Summary: CDFG Model
============================================================
IsTopModel: 0
ResetActiveHigh: 1
IsCombinational: 2
IsDatapathOnly: 0
HasWiredReturn: 1
HasMFsm: 0
HasVarLatency: 1
IsPipeline: 0
IsRtlPipelined: 0
IsInstanceOverlapped: 0
IsDontTouch: 0
HasImplIP: 0
IsGatedGlobalClock: 0

+ Individual pipeline summary: 
  * Pipeline-0: initiation interval (II) = 1, depth = 28


============================================================
+ Verbose Summary: Schedule
============================================================
* Number of FSM states : 31
* Pipeline : 1
  Pipeline-0 : II = 1, D = 28, States = { 3 4 5 6 7 8 9 10 11 12 13 14 15 16 17 18 19 20 21 22 23 24 25 26 27 28 29 30 }
* Dataflow Pipeline: 0

* FSM state transitions: 
1 --> 
	2  / true
2 --> 
	3  / (!tmp_i)
3 --> 
	4  / true
4 --> 
	31  / (tmp_3_i)
	5  / (!tmp_3_i)
5 --> 
	6  / true
6 --> 
	7  / true
7 --> 
	8  / true
8 --> 
	9  / true
9 --> 
	10  / true
10 --> 
	11  / true
11 --> 
	12  / true
12 --> 
	13  / true
13 --> 
	14  / true
14 --> 
	15  / true
15 --> 
	16  / true
16 --> 
	17  / true
17 --> 
	18  / true
18 --> 
	19  / true
19 --> 
	20  / true
20 --> 
	21  / true
21 --> 
	22  / true
22 --> 
	23  / true
23 --> 
	24  / true
24 --> 
	25  / true
25 --> 
	26  / true
26 --> 
	27  / true
27 --> 
	28  / true
28 --> 
	29  / true
29 --> 
	30  / true
30 --> 
	3  / true
31 --> 
	2  / true

* FSM state operations: 

State 1 <SV = 0> <Delay = 1.66>
ST_1 : Operation 32 [1/1] (0.00ns)   --->   "%window_buf_0_1 = alloca i8"   --->   Operation 32 'alloca' 'window_buf_0_1' <Predicate = true> <Delay = 0.00>
ST_1 : Operation 33 [1/1] (0.00ns)   --->   "%window_buf_0_1_1 = alloca i8"   --->   Operation 33 'alloca' 'window_buf_0_1_1' <Predicate = true> <Delay = 0.00>
ST_1 : Operation 34 [1/1] (0.00ns)   --->   "%window_buf_1_1 = alloca i8"   --->   Operation 34 'alloca' 'window_buf_1_1' <Predicate = true> <Delay = 0.00>
ST_1 : Operation 35 [1/1] (0.00ns)   --->   "%window_buf_1_1_1 = alloca i8"   --->   Operation 35 'alloca' 'window_buf_1_1_1' <Predicate = true> <Delay = 0.00>
ST_1 : Operation 36 [1/1] (0.00ns)   --->   "%window_buf_2_1 = alloca i8"   --->   Operation 36 'alloca' 'window_buf_2_1' <Predicate = true> <Delay = 0.00>
ST_1 : Operation 37 [1/1] (0.00ns)   --->   "%window_buf_2_1_1 = alloca i8"   --->   Operation 37 'alloca' 'window_buf_2_1_1' <Predicate = true> <Delay = 0.00>
ST_1 : Operation 38 [1/1] (0.00ns)   --->   "call void (...)* @_ssdm_op_SpecInterface(i8* @fifo3_value, [8 x i8]* @ap_fifo_str, i32 0, i32 0, [1 x i8]* @p_str152, i32 0, i32 0, [1 x i8]* @p_str153, [1 x i8]* @p_str154, [1 x i8]* @p_str155, i32 2, i32 2, i32 16, i32 16, [1 x i8]* @p_str156, [1 x i8]* @p_str157)"   --->   Operation 38 'specinterface' <Predicate = true> <Delay = 0.00>
ST_1 : Operation 39 [1/1] (0.00ns)   --->   "call void (...)* @_ssdm_op_SpecInterface(i2* @fifo3_grad, [8 x i8]* @ap_fifo_str, i32 0, i32 0, [1 x i8]* @p_str161, i32 0, i32 0, [1 x i8]* @p_str162, [1 x i8]* @p_str163, [1 x i8]* @p_str164, i32 2, i32 2, i32 16, i32 16, [1 x i8]* @p_str165, [1 x i8]* @p_str166)"   --->   Operation 39 'specinterface' <Predicate = true> <Delay = 0.00>
ST_1 : Operation 40 [1/1] (0.00ns)   --->   "call void (...)* @_ssdm_op_SpecInterface(i8* @fifo2, [8 x i8]* @ap_fifo_str, i32 0, i32 0, [1 x i8]* @p_str170, i32 0, i32 0, [1 x i8]* @p_str171, [1 x i8]* @p_str172, [1 x i8]* @p_str173, i32 2, i32 2, i32 16, i32 16, [1 x i8]* @p_str174, [1 x i8]* @p_str175)"   --->   Operation 40 'specinterface' <Predicate = true> <Delay = 0.00>
ST_1 : Operation 41 [1/1] (0.00ns)   --->   "%line_buf = alloca [512 x i24], align 4" [HLS-canny-edge-detection-master/src/HlsImProc.hpp:251]   --->   Operation 41 'alloca' 'line_buf' <Predicate = true> <Delay = 0.00> <Core = "RAM">   --->   Core 37 'RAM' <Latency = 1> <II = 1> <Delay = 3.25> <Storage> <Opcode : 'load' 'store'> <Ports = 2> <Width = 24> <Depth = 512> <RAM>
ST_1 : Operation 42 [1/1] (1.66ns)   --->   "br label %.loopexit" [HLS-canny-edge-detection-master/src/HlsImProc.hpp:272]   --->   Operation 42 'br' <Predicate = true> <Delay = 1.66>

State 2 <SV = 1> <Delay = 2.64>
ST_2 : Operation 43 [1/1] (0.00ns)   --->   "%yi_i = phi i10 [ 0, %entry ], [ %yi, %.loopexit.loopexit ]"   --->   Operation 43 'phi' 'yi_i' <Predicate = true> <Delay = 0.00>
ST_2 : Operation 44 [1/1] (1.70ns)   --->   "%tmp_i = icmp eq i10 %yi_i, -512" [HLS-canny-edge-detection-master/src/HlsImProc.hpp:272]   --->   Operation 44 'icmp' 'tmp_i' <Predicate = true> <Delay = 1.70> <Core = "Cmp">   --->   Core 25 'Cmp' <Latency = 0> <II = 1> <Delay = 1.70> <FuncUnit> <Opcode : 'icmp'> <InPorts = 2> <OutPorts = 1>
ST_2 : Operation 45 [1/1] (0.00ns)   --->   "call void (...)* @_ssdm_op_SpecLoopTripCount(i64 512, i64 512, i64 512)"   --->   Operation 45 'speclooptripcount' <Predicate = true> <Delay = 0.00>
ST_2 : Operation 46 [1/1] (2.12ns)   --->   "%yi = add i10 %yi_i, 1" [HLS-canny-edge-detection-master/src/HlsImProc.hpp:272]   --->   Operation 46 'add' 'yi' <Predicate = true> <Delay = 2.12> <Core = "AddSub">   --->   Core 14 'AddSub' <Latency = 0> <II = 1> <Delay = 2.12> <FuncUnit> <Opcode : 'add' 'sub'> <InPorts = 2> <OutPorts = 1>
ST_2 : Operation 47 [1/1] (0.00ns)   --->   "br i1 %tmp_i, label %"Sobel<512u, 512u>.exit", label %.preheader18.preheader.i" [HLS-canny-edge-detection-master/src/HlsImProc.hpp:272]   --->   Operation 47 'br' <Predicate = true> <Delay = 0.00>
ST_2 : Operation 48 [1/1] (0.00ns)   --->   "%tmp_2 = call i8 @_ssdm_op_PartSelect.i8.i10.i32.i32(i10 %yi_i, i32 2, i32 9)" [HLS-canny-edge-detection-master/src/HlsImProc.hpp:351]   --->   Operation 48 'partselect' 'tmp_2' <Predicate = (!tmp_i)> <Delay = 0.00>
ST_2 : Operation 49 [1/1] (1.47ns)   --->   "%icmp = icmp ne i8 %tmp_2, 0" [HLS-canny-edge-detection-master/src/HlsImProc.hpp:351]   --->   Operation 49 'icmp' 'icmp' <Predicate = (!tmp_i)> <Delay = 1.47> <Core = "Cmp">   --->   Core 25 'Cmp' <Latency = 0> <II = 1> <Delay = 1.70> <FuncUnit> <Opcode : 'icmp'> <InPorts = 2> <OutPorts = 1>
ST_2 : Operation 50 [1/1] (1.70ns)   --->   "%tmp_2_i = icmp ult i10 %yi_i, 509" [HLS-canny-edge-detection-master/src/HlsImProc.hpp:351]   --->   Operation 50 'icmp' 'tmp_2_i' <Predicate = (!tmp_i)> <Delay = 1.70> <Core = "Cmp">   --->   Core 25 'Cmp' <Latency = 0> <II = 1> <Delay = 1.70> <FuncUnit> <Opcode : 'icmp'> <InPorts = 2> <OutPorts = 1>
ST_2 : Operation 51 [1/1] (0.94ns)   --->   "%tmp3 = and i1 %icmp, %tmp_2_i" [HLS-canny-edge-detection-master/src/HlsImProc.hpp:351]   --->   Operation 51 'and' 'tmp3' <Predicate = (!tmp_i)> <Delay = 0.94> <Core = "LogicGate">   --->   Core 27 'LogicGate' <Latency = 0> <II = 1> <Delay = 0.94> <FuncUnit> <Opcode : 'and' 'or' 'xor'> <InPorts = 2> <OutPorts = 1>
ST_2 : Operation 52 [1/1] (1.66ns)   --->   "br label %.preheader18.i" [HLS-canny-edge-detection-master/src/HlsImProc.hpp:273]   --->   Operation 52 'br' <Predicate = (!tmp_i)> <Delay = 1.66>
ST_2 : Operation 53 [1/1] (0.00ns)   --->   "ret void"   --->   Operation 53 'ret' <Predicate = (tmp_i)> <Delay = 0.00>

State 3 <SV = 2> <Delay = 3.25>
ST_3 : Operation 54 [1/1] (0.00ns)   --->   "%xi_i = phi i10 [ 0, %.preheader18.preheader.i ], [ %xi, %3 ]"   --->   Operation 54 'phi' 'xi_i' <Predicate = true> <Delay = 0.00>
ST_3 : Operation 55 [1/1] (1.70ns)   --->   "%tmp_3_i = icmp eq i10 %xi_i, -512" [HLS-canny-edge-detection-master/src/HlsImProc.hpp:273]   --->   Operation 55 'icmp' 'tmp_3_i' <Predicate = true> <Delay = 1.70> <Core = "Cmp">   --->   Core 25 'Cmp' <Latency = 0> <II = 1> <Delay = 1.70> <FuncUnit> <Opcode : 'icmp'> <InPorts = 2> <OutPorts = 1>
ST_3 : Operation 56 [1/1] (2.12ns)   --->   "%xi = add i10 %xi_i, 1" [HLS-canny-edge-detection-master/src/HlsImProc.hpp:273]   --->   Operation 56 'add' 'xi' <Predicate = true> <Delay = 2.12> <Core = "AddSub">   --->   Core 14 'AddSub' <Latency = 0> <II = 1> <Delay = 2.12> <FuncUnit> <Opcode : 'add' 'sub'> <InPorts = 2> <OutPorts = 1>
ST_3 : Operation 57 [1/1] (0.00ns)   --->   "%tmp_4_i = zext i10 %xi_i to i64" [HLS-canny-edge-detection-master/src/HlsImProc.hpp:283]   --->   Operation 57 'zext' 'tmp_4_i' <Predicate = (!tmp_3_i)> <Delay = 0.00>
ST_3 : Operation 58 [1/1] (0.00ns)   --->   "%line_buf_addr = getelementptr [512 x i24]* %line_buf, i64 0, i64 %tmp_4_i" [HLS-canny-edge-detection-master/src/HlsImProc.hpp:283]   --->   Operation 58 'getelementptr' 'line_buf_addr' <Predicate = (!tmp_3_i)> <Delay = 0.00>
ST_3 : Operation 59 [2/2] (3.25ns)   --->   "%line_buf_load = load i24* %line_buf_addr, align 4" [HLS-canny-edge-detection-master/src/HlsImProc.hpp:283]   --->   Operation 59 'load' 'line_buf_load' <Predicate = (!tmp_3_i)> <Delay = 3.25> <Core = "RAM">   --->   Core 37 'RAM' <Latency = 1> <II = 1> <Delay = 3.25> <Storage> <Opcode : 'load' 'store'> <Ports = 2> <Width = 24> <Depth = 512> <RAM>
ST_3 : Operation 60 [1/1] (0.00ns)   --->   "%tmp_10 = call i8 @_ssdm_op_PartSelect.i8.i10.i32.i32(i10 %xi_i, i32 2, i32 9)" [HLS-canny-edge-detection-master/src/HlsImProc.hpp:351]   --->   Operation 60 'partselect' 'tmp_10' <Predicate = (!tmp_3_i)> <Delay = 0.00>
ST_3 : Operation 61 [1/1] (1.47ns)   --->   "%icmp8 = icmp ne i8 %tmp_10, 0" [HLS-canny-edge-detection-master/src/HlsImProc.hpp:351]   --->   Operation 61 'icmp' 'icmp8' <Predicate = (!tmp_3_i)> <Delay = 1.47> <Core = "Cmp">   --->   Core 25 'Cmp' <Latency = 0> <II = 1> <Delay = 1.70> <FuncUnit> <Opcode : 'icmp'> <InPorts = 2> <OutPorts = 1>
ST_3 : Operation 62 [1/1] (1.70ns)   --->   "%tmp_26_i = icmp ult i10 %xi_i, 509" [HLS-canny-edge-detection-master/src/HlsImProc.hpp:351]   --->   Operation 62 'icmp' 'tmp_26_i' <Predicate = (!tmp_3_i)> <Delay = 1.70> <Core = "Cmp">   --->   Core 25 'Cmp' <Latency = 0> <II = 1> <Delay = 1.70> <FuncUnit> <Opcode : 'icmp'> <InPorts = 2> <OutPorts = 1>
ST_3 : Operation 63 [1/1] (0.00ns) (grouped into LUT with out node or_cond3_i)   --->   "%tmp2 = and i1 %icmp8, %tmp_26_i" [HLS-canny-edge-detection-master/src/HlsImProc.hpp:351]   --->   Operation 63 'and' 'tmp2' <Predicate = (!tmp_3_i)> <Delay = 0.00> <Core = "LogicGate">   --->   Core 27 'LogicGate' <Latency = 0> <II = 1> <Delay = 0.94> <FuncUnit> <Opcode : 'and' 'or' 'xor'> <InPorts = 2> <OutPorts = 1>
ST_3 : Operation 64 [1/1] (0.94ns) (out node of the LUT)   --->   "%or_cond3_i = and i1 %tmp3, %tmp2" [HLS-canny-edge-detection-master/src/HlsImProc.hpp:351]   --->   Operation 64 'and' 'or_cond3_i' <Predicate = (!tmp_3_i)> <Delay = 0.94> <Core = "LogicGate">   --->   Core 27 'LogicGate' <Latency = 0> <II = 1> <Delay = 0.94> <FuncUnit> <Opcode : 'and' 'or' 'xor'> <InPorts = 2> <OutPorts = 1>
ST_3 : Operation 65 [1/1] (0.00ns)   --->   "br i1 %or_cond3_i, label %1, label %2" [HLS-canny-edge-detection-master/src/HlsImProc.hpp:351]   --->   Operation 65 'br' <Predicate = (!tmp_3_i)> <Delay = 0.00>

State 4 <SV = 3> <Delay = 7.49>
ST_4 : Operation 66 [1/1] (0.00ns)   --->   "%window_buf_0_1_2 = load i8* %window_buf_0_1_1"   --->   Operation 66 'load' 'window_buf_0_1_2' <Predicate = true> <Delay = 0.00>
ST_4 : Operation 67 [1/1] (0.00ns)   --->   "%window_buf_1_1_2 = load i8* %window_buf_1_1_1"   --->   Operation 67 'load' 'window_buf_1_1_2' <Predicate = true> <Delay = 0.00>
ST_4 : Operation 68 [1/1] (0.00ns)   --->   "%window_buf_2_1_2 = load i8* %window_buf_2_1_1"   --->   Operation 68 'load' 'window_buf_2_1_2' <Predicate = true> <Delay = 0.00>
ST_4 : Operation 69 [1/1] (0.00ns)   --->   "call void (...)* @_ssdm_op_SpecLoopTripCount(i64 512, i64 512, i64 512)"   --->   Operation 69 'speclooptripcount' <Predicate = true> <Delay = 0.00>
ST_4 : Operation 70 [1/1] (0.00ns)   --->   "br i1 %tmp_3_i, label %.loopexit.loopexit, label %.preheader17.preheader.0.i" [HLS-canny-edge-detection-master/src/HlsImProc.hpp:273]   --->   Operation 70 'br' <Predicate = true> <Delay = 0.00>
ST_4 : Operation 71 [1/1] (0.00ns)   --->   "%window_buf_0_1_loa = load i8* %window_buf_0_1"   --->   Operation 71 'load' 'window_buf_0_1_loa' <Predicate = (!tmp_3_i)> <Delay = 0.00>
ST_4 : Operation 72 [1/1] (0.00ns)   --->   "%window_buf_1_1_loa = load i8* %window_buf_1_1" [HLS-canny-edge-detection-master/src/HlsImProc.hpp:306]   --->   Operation 72 'load' 'window_buf_1_1_loa' <Predicate = (!tmp_3_i)> <Delay = 0.00>
ST_4 : Operation 73 [1/2] (3.25ns)   --->   "%line_buf_load = load i24* %line_buf_addr, align 4" [HLS-canny-edge-detection-master/src/HlsImProc.hpp:283]   --->   Operation 73 'load' 'line_buf_load' <Predicate = (!tmp_3_i)> <Delay = 3.25> <Core = "RAM">   --->   Core 37 'RAM' <Latency = 1> <II = 1> <Delay = 3.25> <Storage> <Opcode : 'load' 'store'> <Ports = 2> <Width = 24> <Depth = 512> <RAM>
ST_4 : Operation 74 [1/1] (0.00ns)   --->   "%window_buf_0_2 = call i8 @_ssdm_op_PartSelect.i8.i24.i32.i32(i24 %line_buf_load, i32 8, i32 15)" [HLS-canny-edge-detection-master/src/HlsImProc.hpp:283]   --->   Operation 74 'partselect' 'window_buf_0_2' <Predicate = (!tmp_3_i)> <Delay = 0.00>
ST_4 : Operation 75 [1/1] (0.00ns)   --->   "%window_buf_1_2 = call i8 @_ssdm_op_PartSelect.i8.i24.i32.i32(i24 %line_buf_load, i32 16, i32 23)" [HLS-canny-edge-detection-master/src/HlsImProc.hpp:283]   --->   Operation 75 'partselect' 'window_buf_1_2' <Predicate = (!tmp_3_i)> <Delay = 0.00>
ST_4 : Operation 76 [1/1] (3.90ns)   --->   "%window_buf_2_2 = call i8 @_ssdm_op_Read.ap_fifo.volatile.i8P(i8* @fifo2)" [HLS-canny-edge-detection-master/src/HlsImProc.hpp:286]   --->   Operation 76 'read' 'window_buf_2_2' <Predicate = (!tmp_3_i)> <Delay = 3.90> <Core = "FIFO">   --->   Core 32 'FIFO' <Latency = 0> <II = 1> <Delay = 3.90> <Storage> <Opcode : 'read' 'write' 'nbread' 'nbwrite'> <Ports = 0> <Width = 2> <Depth = 2> <FIFO>
ST_4 : Operation 77 [1/1] (0.00ns)   --->   "%tmp_8_i = call i16 @_ssdm_op_PartSelect.i16.i24.i32.i32(i24 %line_buf_load, i32 8, i32 23)" [HLS-canny-edge-detection-master/src/HlsImProc.hpp:286]   --->   Operation 77 'partselect' 'tmp_8_i' <Predicate = (!tmp_3_i)> <Delay = 0.00>
ST_4 : Operation 78 [1/1] (0.00ns)   --->   "%tmp_9_i = call i24 @_ssdm_op_BitConcatenate.i24.i8.i16(i8 %window_buf_2_2, i16 %tmp_8_i)" [HLS-canny-edge-detection-master/src/HlsImProc.hpp:286]   --->   Operation 78 'bitconcatenate' 'tmp_9_i' <Predicate = (!tmp_3_i)> <Delay = 0.00>
ST_4 : Operation 79 [1/1] (3.25ns)   --->   "store i24 %tmp_9_i, i24* %line_buf_addr, align 4" [HLS-canny-edge-detection-master/src/HlsImProc.hpp:286]   --->   Operation 79 'store' <Predicate = (!tmp_3_i)> <Delay = 3.25> <Core = "RAM">   --->   Core 37 'RAM' <Latency = 1> <II = 1> <Delay = 3.25> <Storage> <Opcode : 'load' 'store'> <Ports = 2> <Width = 24> <Depth = 512> <RAM>
ST_4 : Operation 80 [1/1] (0.00ns)   --->   "%tmp_23_0_cast10_i_ca = zext i8 %window_buf_0_1_loa to i9"   --->   Operation 80 'zext' 'tmp_23_0_cast10_i_ca' <Predicate = (!tmp_3_i)> <Delay = 0.00>
ST_4 : Operation 81 [1/1] (0.00ns)   --->   "%tmp_23_0_2_cast9_i_c = zext i8 %window_buf_0_2 to i9" [HLS-canny-edge-detection-master/src/HlsImProc.hpp:306]   --->   Operation 81 'zext' 'tmp_23_0_2_cast9_i_c' <Predicate = (!tmp_3_i)> <Delay = 0.00>
ST_4 : Operation 82 [1/1] (2.11ns)   --->   "%pix_h_sobel_2_0_2_i = sub i9 %tmp_23_0_cast10_i_ca, %tmp_23_0_2_cast9_i_c" [HLS-canny-edge-detection-master/src/HlsImProc.hpp:306]   --->   Operation 82 'sub' 'pix_h_sobel_2_0_2_i' <Predicate = (!tmp_3_i)> <Delay = 2.11> <Core = "AddSub">   --->   Core 14 'AddSub' <Latency = 0> <II = 1> <Delay = 2.12> <FuncUnit> <Opcode : 'add' 'sub'> <InPorts = 2> <OutPorts = 1>
ST_4 : Operation 83 [1/1] (0.00ns)   --->   "%pix_h_sobel_2_0_2_ca = sext i9 %pix_h_sobel_2_0_2_i to i11" [HLS-canny-edge-detection-master/src/HlsImProc.hpp:306]   --->   Operation 83 'sext' 'pix_h_sobel_2_0_2_ca' <Predicate = (!tmp_3_i)> <Delay = 0.00>
ST_4 : Operation 84 [1/1] (0.00ns)   --->   "%tmp_24_1_i = call i9 @_ssdm_op_BitConcatenate.i9.i8.i1(i8 %window_buf_1_1_loa, i1 false)" [HLS-canny-edge-detection-master/src/HlsImProc.hpp:306]   --->   Operation 84 'bitconcatenate' 'tmp_24_1_i' <Predicate = (!tmp_3_i)> <Delay = 0.00>
ST_4 : Operation 85 [1/1] (0.00ns)   --->   "%tmp_24_1_cast_i = zext i9 %tmp_24_1_i to i11" [HLS-canny-edge-detection-master/src/HlsImProc.hpp:306]   --->   Operation 85 'zext' 'tmp_24_1_cast_i' <Predicate = (!tmp_3_i)> <Delay = 0.00>
ST_4 : Operation 86 [1/1] (2.11ns)   --->   "%pix_h_sobel_2_1_1_i = add i11 %tmp_24_1_cast_i, %pix_h_sobel_2_0_2_ca" [HLS-canny-edge-detection-master/src/HlsImProc.hpp:306]   --->   Operation 86 'add' 'pix_h_sobel_2_1_1_i' <Predicate = (!tmp_3_i)> <Delay = 2.11> <Core = "AddSub">   --->   Core 14 'AddSub' <Latency = 0> <II = 1> <Delay = 2.12> <FuncUnit> <Opcode : 'add' 'sub'> <InPorts = 2> <OutPorts = 1>
ST_4 : Operation 87 [1/1] (0.00ns)   --->   "%tmp_30_0_1_i = call i9 @_ssdm_op_BitConcatenate.i9.i8.i1(i8 %window_buf_0_1_2, i1 false)" [HLS-canny-edge-detection-master/src/HlsImProc.hpp:313]   --->   Operation 87 'bitconcatenate' 'tmp_30_0_1_i' <Predicate = (!tmp_3_i)> <Delay = 0.00>
ST_4 : Operation 88 [1/1] (0.00ns)   --->   "%tmp_30_0_1_cast_i = zext i9 %tmp_30_0_1_i to i10" [HLS-canny-edge-detection-master/src/HlsImProc.hpp:313]   --->   Operation 88 'zext' 'tmp_30_0_1_cast_i' <Predicate = (!tmp_3_i)> <Delay = 0.00>
ST_4 : Operation 89 [1/1] (2.11ns)   --->   "%tmp = add i9 %tmp_23_0_cast10_i_ca, %tmp_23_0_2_cast9_i_c" [HLS-canny-edge-detection-master/src/HlsImProc.hpp:313]   --->   Operation 89 'add' 'tmp' <Predicate = (!tmp_3_i)> <Delay = 2.11> <Core = "AddSub">   --->   Core 14 'AddSub' <Latency = 0> <II = 1> <Delay = 2.12> <FuncUnit> <Opcode : 'add' 'sub'> <InPorts = 2> <OutPorts = 1>
ST_4 : Operation 90 [1/1] (0.00ns)   --->   "%tmp_cast = zext i9 %tmp to i10" [HLS-canny-edge-detection-master/src/HlsImProc.hpp:313]   --->   Operation 90 'zext' 'tmp_cast' <Predicate = (!tmp_3_i)> <Delay = 0.00>
ST_4 : Operation 91 [1/1] (2.11ns)   --->   "%pix_v_sobel_2_1_2_i = add i10 %tmp_cast, %tmp_30_0_1_cast_i" [HLS-canny-edge-detection-master/src/HlsImProc.hpp:313]   --->   Operation 91 'add' 'pix_v_sobel_2_1_2_i' <Predicate = (!tmp_3_i)> <Delay = 2.11> <Core = "AddSub">   --->   Core 14 'AddSub' <Latency = 0> <II = 1> <Delay = 2.12> <FuncUnit> <Opcode : 'add' 'sub'> <InPorts = 2> <OutPorts = 1>
ST_4 : Operation 92 [1/1] (0.00ns)   --->   "store i8 %window_buf_2_2, i8* %window_buf_2_1_1" [HLS-canny-edge-detection-master/src/HlsImProc.hpp:296]   --->   Operation 92 'store' <Predicate = (!tmp_3_i)> <Delay = 0.00>
ST_4 : Operation 93 [1/1] (0.00ns)   --->   "store i8 %window_buf_1_2, i8* %window_buf_1_1_1" [HLS-canny-edge-detection-master/src/HlsImProc.hpp:296]   --->   Operation 93 'store' <Predicate = (!tmp_3_i)> <Delay = 0.00>
ST_4 : Operation 94 [1/1] (0.00ns)   --->   "store i8 %window_buf_1_1_2, i8* %window_buf_1_1" [HLS-canny-edge-detection-master/src/HlsImProc.hpp:291]   --->   Operation 94 'store' <Predicate = (!tmp_3_i)> <Delay = 0.00>
ST_4 : Operation 95 [1/1] (0.00ns)   --->   "store i8 %window_buf_0_2, i8* %window_buf_0_1_1" [HLS-canny-edge-detection-master/src/HlsImProc.hpp:296]   --->   Operation 95 'store' <Predicate = (!tmp_3_i)> <Delay = 0.00>
ST_4 : Operation 96 [1/1] (0.00ns)   --->   "store i8 %window_buf_0_1_2, i8* %window_buf_0_1" [HLS-canny-edge-detection-master/src/HlsImProc.hpp:291]   --->   Operation 96 'store' <Predicate = (!tmp_3_i)> <Delay = 0.00>

State 5 <SV = 4> <Delay = 7.29>
ST_5 : Operation 97 [1/1] (0.00ns)   --->   "%window_buf_2_1_loa = load i8* %window_buf_2_1" [HLS-canny-edge-detection-master/src/HlsImProc.hpp:306]   --->   Operation 97 'load' 'window_buf_2_1_loa' <Predicate = (!tmp_3_i)> <Delay = 0.00>
ST_5 : Operation 98 [1/1] (0.00ns)   --->   "%p_shl1_i = call i9 @_ssdm_op_BitConcatenate.i9.i8.i1(i8 %window_buf_1_2, i1 false)" [HLS-canny-edge-detection-master/src/HlsImProc.hpp:306]   --->   Operation 98 'bitconcatenate' 'p_shl1_i' <Predicate = (!tmp_3_i)> <Delay = 0.00>
ST_5 : Operation 99 [1/1] (0.00ns)   --->   "%p_shl1_cast_i = zext i9 %p_shl1_i to i11" [HLS-canny-edge-detection-master/src/HlsImProc.hpp:306]   --->   Operation 99 'zext' 'p_shl1_cast_i' <Predicate = (!tmp_3_i)> <Delay = 0.00>
ST_5 : Operation 100 [1/1] (0.00ns) (grouped into TernaryAdder)   --->   "%pix_h_sobel_2_1_2_i = sub i11 %pix_h_sobel_2_1_1_i, %p_shl1_cast_i" [HLS-canny-edge-detection-master/src/HlsImProc.hpp:306]   --->   Operation 100 'sub' 'pix_h_sobel_2_1_2_i' <Predicate = (!tmp_3_i)> <Delay = 0.00> <Core = "TAddSub">   --->   Core 84 'TAddSub' <Latency = 0> <II = 1> <Delay = 1.90> <IPBlock> <Opcode : 'add' 'sub'> <InPorts = 3> <OutPorts = 1> <Sync> <CReg>
ST_5 : Operation 101 [1/1] (0.00ns)   --->   "%tmp_23_2_cast_i = zext i8 %window_buf_2_1_loa to i11" [HLS-canny-edge-detection-master/src/HlsImProc.hpp:306]   --->   Operation 101 'zext' 'tmp_23_2_cast_i' <Predicate = (!tmp_3_i)> <Delay = 0.00>
ST_5 : Operation 102 [1/1] (3.81ns) (root node of TernaryAdder)   --->   "%pix_h_sobel_2_2_1_i = add i11 %pix_h_sobel_2_1_2_i, %tmp_23_2_cast_i" [HLS-canny-edge-detection-master/src/HlsImProc.hpp:306]   --->   Operation 102 'add' 'pix_h_sobel_2_2_1_i' <Predicate = (!tmp_3_i)> <Delay = 3.81> <Core = "TAddSub">   --->   Core 84 'TAddSub' <Latency = 0> <II = 1> <Delay = 1.90> <IPBlock> <Opcode : 'add' 'sub'> <InPorts = 3> <OutPorts = 1> <Sync> <CReg>
ST_5 : Operation 103 [1/1] (0.00ns)   --->   "%tmp_23_2_2_cast_i = zext i8 %window_buf_2_2 to i11" [HLS-canny-edge-detection-master/src/HlsImProc.hpp:306]   --->   Operation 103 'zext' 'tmp_23_2_2_cast_i' <Predicate = (!tmp_3_i)> <Delay = 0.00>
ST_5 : Operation 104 [1/1] (2.12ns)   --->   "%pix_h_sobel_2_2_2_i = sub i11 %pix_h_sobel_2_2_1_i, %tmp_23_2_2_cast_i" [HLS-canny-edge-detection-master/src/HlsImProc.hpp:306]   --->   Operation 104 'sub' 'pix_h_sobel_2_2_2_i' <Predicate = (!tmp_3_i)> <Delay = 2.12> <Core = "AddSub">   --->   Core 14 'AddSub' <Latency = 0> <II = 1> <Delay = 2.12> <FuncUnit> <Opcode : 'add' 'sub'> <InPorts = 2> <OutPorts = 1>
ST_5 : Operation 105 [1/1] (0.00ns)   --->   "%pix_v_sobel_2_1_2_ca = zext i10 %pix_v_sobel_2_1_2_i to i11" [HLS-canny-edge-detection-master/src/HlsImProc.hpp:313]   --->   Operation 105 'zext' 'pix_v_sobel_2_1_2_ca' <Predicate = (!tmp_3_i)> <Delay = 0.00>
ST_5 : Operation 106 [1/1] (2.12ns)   --->   "%pix_v_sobel_2_2_i = sub i11 %pix_v_sobel_2_1_2_ca, %tmp_23_2_cast_i" [HLS-canny-edge-detection-master/src/HlsImProc.hpp:313]   --->   Operation 106 'sub' 'pix_v_sobel_2_2_i' <Predicate = (!tmp_3_i)> <Delay = 2.12> <Core = "AddSub">   --->   Core 14 'AddSub' <Latency = 0> <II = 1> <Delay = 2.12> <FuncUnit> <Opcode : 'add' 'sub'> <InPorts = 2> <OutPorts = 1>
ST_5 : Operation 107 [1/1] (0.00ns)   --->   "%p_shl_i = call i9 @_ssdm_op_BitConcatenate.i9.i8.i1(i8 %window_buf_2_1_2, i1 false)" [HLS-canny-edge-detection-master/src/HlsImProc.hpp:313]   --->   Operation 107 'bitconcatenate' 'p_shl_i' <Predicate = (!tmp_3_i)> <Delay = 0.00>
ST_5 : Operation 108 [1/1] (0.00ns)   --->   "%p_shl_cast_i = zext i9 %p_shl_i to i11" [HLS-canny-edge-detection-master/src/HlsImProc.hpp:313]   --->   Operation 108 'zext' 'p_shl_cast_i' <Predicate = (!tmp_3_i)> <Delay = 0.00>
ST_5 : Operation 109 [1/1] (0.00ns) (grouped into TernaryAdder)   --->   "%pix_v_sobel_2_2_1_i = sub i11 %pix_v_sobel_2_2_i, %p_shl_cast_i" [HLS-canny-edge-detection-master/src/HlsImProc.hpp:313]   --->   Operation 109 'sub' 'pix_v_sobel_2_2_1_i' <Predicate = (!tmp_3_i)> <Delay = 0.00> <Core = "TAddSub">   --->   Core 84 'TAddSub' <Latency = 0> <II = 1> <Delay = 1.90> <IPBlock> <Opcode : 'add' 'sub'> <InPorts = 3> <OutPorts = 1> <Sync> <CReg>
ST_5 : Operation 110 [1/1] (3.81ns) (root node of TernaryAdder)   --->   "%pix_v_sobel_2_2_2_i = sub i11 %pix_v_sobel_2_2_1_i, %tmp_23_2_2_cast_i" [HLS-canny-edge-detection-master/src/HlsImProc.hpp:313]   --->   Operation 110 'sub' 'pix_v_sobel_2_2_2_i' <Predicate = (!tmp_3_i)> <Delay = 3.81> <Core = "TAddSub">   --->   Core 84 'TAddSub' <Latency = 0> <II = 1> <Delay = 1.90> <IPBlock> <Opcode : 'add' 'sub'> <InPorts = 3> <OutPorts = 1> <Sync> <CReg>
ST_5 : Operation 111 [1/1] (1.81ns)   --->   "%tmp_16_i = icmp eq i11 %pix_h_sobel_2_2_1_i, %tmp_23_2_2_cast_i" [HLS-canny-edge-detection-master/src/HlsImProc.hpp:326]   --->   Operation 111 'icmp' 'tmp_16_i' <Predicate = (!tmp_3_i)> <Delay = 1.81> <Core = "Cmp">   --->   Core 25 'Cmp' <Latency = 0> <II = 1> <Delay = 1.70> <FuncUnit> <Opcode : 'icmp'> <InPorts = 2> <OutPorts = 1>
ST_5 : Operation 112 [1/1] (1.66ns)   --->   "br i1 %tmp_16_i, label %._crit_edge.i_ifconv, label %0" [HLS-canny-edge-detection-master/src/HlsImProc.hpp:326]   --->   Operation 112 'br' <Predicate = (!tmp_3_i)> <Delay = 1.66>
ST_5 : Operation 113 [1/1] (0.00ns)   --->   "store i8 %window_buf_2_1_2, i8* %window_buf_2_1" [HLS-canny-edge-detection-master/src/HlsImProc.hpp:291]   --->   Operation 113 'store' <Predicate = (!tmp_3_i)> <Delay = 0.00>

State 6 <SV = 5> <Delay = 7.18>
ST_6 : Operation 114 [1/1] (0.00ns)   --->   "%pix_h_sobel_2_2_2_ca = sext i11 %pix_h_sobel_2_2_2_i to i22" [HLS-canny-edge-detection-master/src/HlsImProc.hpp:313]   --->   Operation 114 'sext' 'pix_h_sobel_2_2_2_ca' <Predicate = (!tmp_3_i)> <Delay = 0.00>
ST_6 : Operation 115 [1/1] (7.18ns) (root node of the DSP)   --->   "%tmp_10_i = mul i22 %pix_h_sobel_2_2_2_ca, %pix_h_sobel_2_2_2_ca" [HLS-canny-edge-detection-master/src/HlsImProc.hpp:317]   --->   Operation 115 'mul' 'tmp_10_i' <Predicate = (!tmp_3_i)> <Delay = 7.18> <Core = "DSP48">   --->   Core 65 'DSP48' <Latency = 0> <II = 1> <Delay = 7.18> <IPBlock> <Opcode : 'mul' 'add' 'sub' 'select'> <InPorts = 0> <OutPorts = 1> <Sync> <CReg>
ST_6 : Operation 116 [1/1] (0.00ns)   --->   "%tmp_25_tr_i = call i19 @_ssdm_op_BitConcatenate.i19.i11.i8(i11 %pix_v_sobel_2_2_2_i, i8 0)" [HLS-canny-edge-detection-master/src/HlsImProc.hpp:327]   --->   Operation 116 'bitconcatenate' 'tmp_25_tr_i' <Predicate = (!tmp_3_i & !tmp_16_i)> <Delay = 0.00>
ST_6 : Operation 117 [1/1] (0.00ns)   --->   "%tmp_25_tr_cast_i = sext i19 %tmp_25_tr_i to i20" [HLS-canny-edge-detection-master/src/HlsImProc.hpp:327]   --->   Operation 117 'sext' 'tmp_25_tr_cast_i' <Predicate = (!tmp_3_i & !tmp_16_i)> <Delay = 0.00>
ST_6 : Operation 118 [1/1] (0.00ns)   --->   "%pix_h_sobel_2_2_2_tr = sext i11 %pix_h_sobel_2_2_2_i to i20" [HLS-canny-edge-detection-master/src/HlsImProc.hpp:327]   --->   Operation 118 'sext' 'pix_h_sobel_2_2_2_tr' <Predicate = (!tmp_3_i & !tmp_16_i)> <Delay = 0.00>
ST_6 : Operation 119 [24/24] (3.79ns)   --->   "%tmp_18_i = sdiv i20 %tmp_25_tr_cast_i, %pix_h_sobel_2_2_2_tr" [HLS-canny-edge-detection-master/src/HlsImProc.hpp:327]   --->   Operation 119 'sdiv' 'tmp_18_i' <Predicate = (!tmp_3_i & !tmp_16_i)> <Delay = 3.79> <Core = "DivnS">   --->   Core 23 'DivnS' <Latency = 23> <II = 1> <Delay = 3.79> <FuncUnit> <Opcode : 'sdiv' 'srem' 'udiv' 'urem'> <InPorts = 2> <OutPorts = 1>

State 7 <SV = 6> <Delay = 7.18>
ST_7 : Operation 120 [1/1] (0.00ns)   --->   "%pix_v_sobel_2_2_2_ca = sext i11 %pix_v_sobel_2_2_2_i to i22" [HLS-canny-edge-detection-master/src/HlsImProc.hpp:317]   --->   Operation 120 'sext' 'pix_v_sobel_2_2_2_ca' <Predicate = (!tmp_3_i)> <Delay = 0.00>
ST_7 : Operation 121 [1/1] (3.36ns) (grouped into DSP with root node tmp_12_i)   --->   "%tmp_11_i = mul i22 %pix_v_sobel_2_2_2_ca, %pix_v_sobel_2_2_2_ca" [HLS-canny-edge-detection-master/src/HlsImProc.hpp:317]   --->   Operation 121 'mul' 'tmp_11_i' <Predicate = (!tmp_3_i)> <Delay = 3.36> <Core = "DSP48">   --->   Core 65 'DSP48' <Latency = 0> <II = 1> <Delay = 7.18> <IPBlock> <Opcode : 'mul' 'add' 'sub' 'select'> <InPorts = 0> <OutPorts = 1> <Sync> <CReg>
ST_7 : Operation 122 [1/1] (3.82ns) (root node of the DSP)   --->   "%tmp_12_i = add i22 %tmp_10_i, %tmp_11_i" [HLS-canny-edge-detection-master/src/HlsImProc.hpp:317]   --->   Operation 122 'add' 'tmp_12_i' <Predicate = (!tmp_3_i)> <Delay = 3.82> <Core = "DSP48">   --->   Core 65 'DSP48' <Latency = 0> <II = 1> <Delay = 7.18> <IPBlock> <Opcode : 'mul' 'add' 'sub' 'select'> <InPorts = 0> <OutPorts = 1> <Sync> <CReg>
ST_7 : Operation 123 [23/24] (3.79ns)   --->   "%tmp_18_i = sdiv i20 %tmp_25_tr_cast_i, %pix_h_sobel_2_2_2_tr" [HLS-canny-edge-detection-master/src/HlsImProc.hpp:327]   --->   Operation 123 'sdiv' 'tmp_18_i' <Predicate = (!tmp_3_i & !tmp_16_i)> <Delay = 3.79> <Core = "DivnS">   --->   Core 23 'DivnS' <Latency = 23> <II = 1> <Delay = 3.79> <FuncUnit> <Opcode : 'sdiv' 'srem' 'udiv' 'urem'> <InPorts = 2> <OutPorts = 1>

State 8 <SV = 7> <Delay = 8.09>
ST_8 : Operation 124 [1/1] (0.00ns)   --->   "%x_assign9 = sext i22 %tmp_12_i to i32" [HLS-canny-edge-detection-master/src/HlsImProc.hpp:317]   --->   Operation 124 'sext' 'x_assign9' <Predicate = (!tmp_3_i)> <Delay = 0.00>
ST_8 : Operation 125 [5/5] (8.09ns)   --->   "%x_assign = sitofp i32 %x_assign9 to float" [HLS-canny-edge-detection-master/src/HlsImProc.hpp:317]   --->   Operation 125 'sitofp' 'x_assign' <Predicate = (!tmp_3_i)> <Delay = 8.09> <Core = "Int2Float">   --->   Core 111 'Int2Float' <Latency = 4> <II = 1> <Delay = 8.09> <FuncUnit> <Opcode : 'sitofp' 'uitofp'> <InPorts = 1> <OutPorts = 1>
ST_8 : Operation 126 [22/24] (3.79ns)   --->   "%tmp_18_i = sdiv i20 %tmp_25_tr_cast_i, %pix_h_sobel_2_2_2_tr" [HLS-canny-edge-detection-master/src/HlsImProc.hpp:327]   --->   Operation 126 'sdiv' 'tmp_18_i' <Predicate = (!tmp_3_i & !tmp_16_i)> <Delay = 3.79> <Core = "DivnS">   --->   Core 23 'DivnS' <Latency = 23> <II = 1> <Delay = 3.79> <FuncUnit> <Opcode : 'sdiv' 'srem' 'udiv' 'urem'> <InPorts = 2> <OutPorts = 1>

State 9 <SV = 8> <Delay = 8.09>
ST_9 : Operation 127 [4/5] (8.09ns)   --->   "%x_assign = sitofp i32 %x_assign9 to float" [HLS-canny-edge-detection-master/src/HlsImProc.hpp:317]   --->   Operation 127 'sitofp' 'x_assign' <Predicate = (!tmp_3_i)> <Delay = 8.09> <Core = "Int2Float">   --->   Core 111 'Int2Float' <Latency = 4> <II = 1> <Delay = 8.09> <FuncUnit> <Opcode : 'sitofp' 'uitofp'> <InPorts = 1> <OutPorts = 1>
ST_9 : Operation 128 [21/24] (3.79ns)   --->   "%tmp_18_i = sdiv i20 %tmp_25_tr_cast_i, %pix_h_sobel_2_2_2_tr" [HLS-canny-edge-detection-master/src/HlsImProc.hpp:327]   --->   Operation 128 'sdiv' 'tmp_18_i' <Predicate = (!tmp_3_i & !tmp_16_i)> <Delay = 3.79> <Core = "DivnS">   --->   Core 23 'DivnS' <Latency = 23> <II = 1> <Delay = 3.79> <FuncUnit> <Opcode : 'sdiv' 'srem' 'udiv' 'urem'> <InPorts = 2> <OutPorts = 1>

State 10 <SV = 9> <Delay = 8.09>
ST_10 : Operation 129 [3/5] (8.09ns)   --->   "%x_assign = sitofp i32 %x_assign9 to float" [HLS-canny-edge-detection-master/src/HlsImProc.hpp:317]   --->   Operation 129 'sitofp' 'x_assign' <Predicate = (!tmp_3_i)> <Delay = 8.09> <Core = "Int2Float">   --->   Core 111 'Int2Float' <Latency = 4> <II = 1> <Delay = 8.09> <FuncUnit> <Opcode : 'sitofp' 'uitofp'> <InPorts = 1> <OutPorts = 1>
ST_10 : Operation 130 [20/24] (3.79ns)   --->   "%tmp_18_i = sdiv i20 %tmp_25_tr_cast_i, %pix_h_sobel_2_2_2_tr" [HLS-canny-edge-detection-master/src/HlsImProc.hpp:327]   --->   Operation 130 'sdiv' 'tmp_18_i' <Predicate = (!tmp_3_i & !tmp_16_i)> <Delay = 3.79> <Core = "DivnS">   --->   Core 23 'DivnS' <Latency = 23> <II = 1> <Delay = 3.79> <FuncUnit> <Opcode : 'sdiv' 'srem' 'udiv' 'urem'> <InPorts = 2> <OutPorts = 1>

State 11 <SV = 10> <Delay = 8.09>
ST_11 : Operation 131 [2/5] (8.09ns)   --->   "%x_assign = sitofp i32 %x_assign9 to float" [HLS-canny-edge-detection-master/src/HlsImProc.hpp:317]   --->   Operation 131 'sitofp' 'x_assign' <Predicate = (!tmp_3_i)> <Delay = 8.09> <Core = "Int2Float">   --->   Core 111 'Int2Float' <Latency = 4> <II = 1> <Delay = 8.09> <FuncUnit> <Opcode : 'sitofp' 'uitofp'> <InPorts = 1> <OutPorts = 1>
ST_11 : Operation 132 [19/24] (3.79ns)   --->   "%tmp_18_i = sdiv i20 %tmp_25_tr_cast_i, %pix_h_sobel_2_2_2_tr" [HLS-canny-edge-detection-master/src/HlsImProc.hpp:327]   --->   Operation 132 'sdiv' 'tmp_18_i' <Predicate = (!tmp_3_i & !tmp_16_i)> <Delay = 3.79> <Core = "DivnS">   --->   Core 23 'DivnS' <Latency = 23> <II = 1> <Delay = 3.79> <FuncUnit> <Opcode : 'sdiv' 'srem' 'udiv' 'urem'> <InPorts = 2> <OutPorts = 1>

State 12 <SV = 11> <Delay = 8.09>
ST_12 : Operation 133 [1/5] (8.09ns)   --->   "%x_assign = sitofp i32 %x_assign9 to float" [HLS-canny-edge-detection-master/src/HlsImProc.hpp:317]   --->   Operation 133 'sitofp' 'x_assign' <Predicate = (!tmp_3_i)> <Delay = 8.09> <Core = "Int2Float">   --->   Core 111 'Int2Float' <Latency = 4> <II = 1> <Delay = 8.09> <FuncUnit> <Opcode : 'sitofp' 'uitofp'> <InPorts = 1> <OutPorts = 1>
ST_12 : Operation 134 [18/24] (3.79ns)   --->   "%tmp_18_i = sdiv i20 %tmp_25_tr_cast_i, %pix_h_sobel_2_2_2_tr" [HLS-canny-edge-detection-master/src/HlsImProc.hpp:327]   --->   Operation 134 'sdiv' 'tmp_18_i' <Predicate = (!tmp_3_i & !tmp_16_i)> <Delay = 3.79> <Core = "DivnS">   --->   Core 23 'DivnS' <Latency = 23> <II = 1> <Delay = 3.79> <FuncUnit> <Opcode : 'sdiv' 'srem' 'udiv' 'urem'> <InPorts = 2> <OutPorts = 1>

State 13 <SV = 12> <Delay = 8.27>
ST_13 : Operation 135 [12/12] (8.27ns)   --->   "%x_assign_2 = call float @llvm.sqrt.f32(float %x_assign) nounwind" [r:/builds/2018.3/continuous/2018_12_06_2405991/src/products/hls/hls_lib/hlsmath/src/c++/sqrtfloat.cpp:6->HLS-canny-edge-detection-master/src/HlsImProc.hpp:317]   --->   Operation 135 'fsqrt' 'x_assign_2' <Predicate = (!tmp_3_i)> <Delay = 8.27> <Core = "FSqrt">   --->   Core 107 'FSqrt' <Latency = 11> <II = 1> <Delay = 8.27> <FuncUnit> <Opcode : 'fsqrt'> <InPorts = 1> <OutPorts = 1>
ST_13 : Operation 136 [17/24] (3.79ns)   --->   "%tmp_18_i = sdiv i20 %tmp_25_tr_cast_i, %pix_h_sobel_2_2_2_tr" [HLS-canny-edge-detection-master/src/HlsImProc.hpp:327]   --->   Operation 136 'sdiv' 'tmp_18_i' <Predicate = (!tmp_3_i & !tmp_16_i)> <Delay = 3.79> <Core = "DivnS">   --->   Core 23 'DivnS' <Latency = 23> <II = 1> <Delay = 3.79> <FuncUnit> <Opcode : 'sdiv' 'srem' 'udiv' 'urem'> <InPorts = 2> <OutPorts = 1>

State 14 <SV = 13> <Delay = 8.27>
ST_14 : Operation 137 [11/12] (8.27ns)   --->   "%x_assign_2 = call float @llvm.sqrt.f32(float %x_assign) nounwind" [r:/builds/2018.3/continuous/2018_12_06_2405991/src/products/hls/hls_lib/hlsmath/src/c++/sqrtfloat.cpp:6->HLS-canny-edge-detection-master/src/HlsImProc.hpp:317]   --->   Operation 137 'fsqrt' 'x_assign_2' <Predicate = (!tmp_3_i)> <Delay = 8.27> <Core = "FSqrt">   --->   Core 107 'FSqrt' <Latency = 11> <II = 1> <Delay = 8.27> <FuncUnit> <Opcode : 'fsqrt'> <InPorts = 1> <OutPorts = 1>
ST_14 : Operation 138 [16/24] (3.79ns)   --->   "%tmp_18_i = sdiv i20 %tmp_25_tr_cast_i, %pix_h_sobel_2_2_2_tr" [HLS-canny-edge-detection-master/src/HlsImProc.hpp:327]   --->   Operation 138 'sdiv' 'tmp_18_i' <Predicate = (!tmp_3_i & !tmp_16_i)> <Delay = 3.79> <Core = "DivnS">   --->   Core 23 'DivnS' <Latency = 23> <II = 1> <Delay = 3.79> <FuncUnit> <Opcode : 'sdiv' 'srem' 'udiv' 'urem'> <InPorts = 2> <OutPorts = 1>

State 15 <SV = 14> <Delay = 8.27>
ST_15 : Operation 139 [10/12] (8.27ns)   --->   "%x_assign_2 = call float @llvm.sqrt.f32(float %x_assign) nounwind" [r:/builds/2018.3/continuous/2018_12_06_2405991/src/products/hls/hls_lib/hlsmath/src/c++/sqrtfloat.cpp:6->HLS-canny-edge-detection-master/src/HlsImProc.hpp:317]   --->   Operation 139 'fsqrt' 'x_assign_2' <Predicate = (!tmp_3_i)> <Delay = 8.27> <Core = "FSqrt">   --->   Core 107 'FSqrt' <Latency = 11> <II = 1> <Delay = 8.27> <FuncUnit> <Opcode : 'fsqrt'> <InPorts = 1> <OutPorts = 1>
ST_15 : Operation 140 [15/24] (3.79ns)   --->   "%tmp_18_i = sdiv i20 %tmp_25_tr_cast_i, %pix_h_sobel_2_2_2_tr" [HLS-canny-edge-detection-master/src/HlsImProc.hpp:327]   --->   Operation 140 'sdiv' 'tmp_18_i' <Predicate = (!tmp_3_i & !tmp_16_i)> <Delay = 3.79> <Core = "DivnS">   --->   Core 23 'DivnS' <Latency = 23> <II = 1> <Delay = 3.79> <FuncUnit> <Opcode : 'sdiv' 'srem' 'udiv' 'urem'> <InPorts = 2> <OutPorts = 1>

State 16 <SV = 15> <Delay = 8.27>
ST_16 : Operation 141 [9/12] (8.27ns)   --->   "%x_assign_2 = call float @llvm.sqrt.f32(float %x_assign) nounwind" [r:/builds/2018.3/continuous/2018_12_06_2405991/src/products/hls/hls_lib/hlsmath/src/c++/sqrtfloat.cpp:6->HLS-canny-edge-detection-master/src/HlsImProc.hpp:317]   --->   Operation 141 'fsqrt' 'x_assign_2' <Predicate = (!tmp_3_i)> <Delay = 8.27> <Core = "FSqrt">   --->   Core 107 'FSqrt' <Latency = 11> <II = 1> <Delay = 8.27> <FuncUnit> <Opcode : 'fsqrt'> <InPorts = 1> <OutPorts = 1>
ST_16 : Operation 142 [14/24] (3.79ns)   --->   "%tmp_18_i = sdiv i20 %tmp_25_tr_cast_i, %pix_h_sobel_2_2_2_tr" [HLS-canny-edge-detection-master/src/HlsImProc.hpp:327]   --->   Operation 142 'sdiv' 'tmp_18_i' <Predicate = (!tmp_3_i & !tmp_16_i)> <Delay = 3.79> <Core = "DivnS">   --->   Core 23 'DivnS' <Latency = 23> <II = 1> <Delay = 3.79> <FuncUnit> <Opcode : 'sdiv' 'srem' 'udiv' 'urem'> <InPorts = 2> <OutPorts = 1>

State 17 <SV = 16> <Delay = 8.27>
ST_17 : Operation 143 [8/12] (8.27ns)   --->   "%x_assign_2 = call float @llvm.sqrt.f32(float %x_assign) nounwind" [r:/builds/2018.3/continuous/2018_12_06_2405991/src/products/hls/hls_lib/hlsmath/src/c++/sqrtfloat.cpp:6->HLS-canny-edge-detection-master/src/HlsImProc.hpp:317]   --->   Operation 143 'fsqrt' 'x_assign_2' <Predicate = (!tmp_3_i)> <Delay = 8.27> <Core = "FSqrt">   --->   Core 107 'FSqrt' <Latency = 11> <II = 1> <Delay = 8.27> <FuncUnit> <Opcode : 'fsqrt'> <InPorts = 1> <OutPorts = 1>
ST_17 : Operation 144 [13/24] (3.79ns)   --->   "%tmp_18_i = sdiv i20 %tmp_25_tr_cast_i, %pix_h_sobel_2_2_2_tr" [HLS-canny-edge-detection-master/src/HlsImProc.hpp:327]   --->   Operation 144 'sdiv' 'tmp_18_i' <Predicate = (!tmp_3_i & !tmp_16_i)> <Delay = 3.79> <Core = "DivnS">   --->   Core 23 'DivnS' <Latency = 23> <II = 1> <Delay = 3.79> <FuncUnit> <Opcode : 'sdiv' 'srem' 'udiv' 'urem'> <InPorts = 2> <OutPorts = 1>

State 18 <SV = 17> <Delay = 8.27>
ST_18 : Operation 145 [7/12] (8.27ns)   --->   "%x_assign_2 = call float @llvm.sqrt.f32(float %x_assign) nounwind" [r:/builds/2018.3/continuous/2018_12_06_2405991/src/products/hls/hls_lib/hlsmath/src/c++/sqrtfloat.cpp:6->HLS-canny-edge-detection-master/src/HlsImProc.hpp:317]   --->   Operation 145 'fsqrt' 'x_assign_2' <Predicate = (!tmp_3_i)> <Delay = 8.27> <Core = "FSqrt">   --->   Core 107 'FSqrt' <Latency = 11> <II = 1> <Delay = 8.27> <FuncUnit> <Opcode : 'fsqrt'> <InPorts = 1> <OutPorts = 1>
ST_18 : Operation 146 [12/24] (3.79ns)   --->   "%tmp_18_i = sdiv i20 %tmp_25_tr_cast_i, %pix_h_sobel_2_2_2_tr" [HLS-canny-edge-detection-master/src/HlsImProc.hpp:327]   --->   Operation 146 'sdiv' 'tmp_18_i' <Predicate = (!tmp_3_i & !tmp_16_i)> <Delay = 3.79> <Core = "DivnS">   --->   Core 23 'DivnS' <Latency = 23> <II = 1> <Delay = 3.79> <FuncUnit> <Opcode : 'sdiv' 'srem' 'udiv' 'urem'> <InPorts = 2> <OutPorts = 1>

State 19 <SV = 18> <Delay = 8.27>
ST_19 : Operation 147 [6/12] (8.27ns)   --->   "%x_assign_2 = call float @llvm.sqrt.f32(float %x_assign) nounwind" [r:/builds/2018.3/continuous/2018_12_06_2405991/src/products/hls/hls_lib/hlsmath/src/c++/sqrtfloat.cpp:6->HLS-canny-edge-detection-master/src/HlsImProc.hpp:317]   --->   Operation 147 'fsqrt' 'x_assign_2' <Predicate = (!tmp_3_i)> <Delay = 8.27> <Core = "FSqrt">   --->   Core 107 'FSqrt' <Latency = 11> <II = 1> <Delay = 8.27> <FuncUnit> <Opcode : 'fsqrt'> <InPorts = 1> <OutPorts = 1>
ST_19 : Operation 148 [11/24] (3.79ns)   --->   "%tmp_18_i = sdiv i20 %tmp_25_tr_cast_i, %pix_h_sobel_2_2_2_tr" [HLS-canny-edge-detection-master/src/HlsImProc.hpp:327]   --->   Operation 148 'sdiv' 'tmp_18_i' <Predicate = (!tmp_3_i & !tmp_16_i)> <Delay = 3.79> <Core = "DivnS">   --->   Core 23 'DivnS' <Latency = 23> <II = 1> <Delay = 3.79> <FuncUnit> <Opcode : 'sdiv' 'srem' 'udiv' 'urem'> <InPorts = 2> <OutPorts = 1>

State 20 <SV = 19> <Delay = 8.27>
ST_20 : Operation 149 [5/12] (8.27ns)   --->   "%x_assign_2 = call float @llvm.sqrt.f32(float %x_assign) nounwind" [r:/builds/2018.3/continuous/2018_12_06_2405991/src/products/hls/hls_lib/hlsmath/src/c++/sqrtfloat.cpp:6->HLS-canny-edge-detection-master/src/HlsImProc.hpp:317]   --->   Operation 149 'fsqrt' 'x_assign_2' <Predicate = (!tmp_3_i)> <Delay = 8.27> <Core = "FSqrt">   --->   Core 107 'FSqrt' <Latency = 11> <II = 1> <Delay = 8.27> <FuncUnit> <Opcode : 'fsqrt'> <InPorts = 1> <OutPorts = 1>
ST_20 : Operation 150 [10/24] (3.79ns)   --->   "%tmp_18_i = sdiv i20 %tmp_25_tr_cast_i, %pix_h_sobel_2_2_2_tr" [HLS-canny-edge-detection-master/src/HlsImProc.hpp:327]   --->   Operation 150 'sdiv' 'tmp_18_i' <Predicate = (!tmp_3_i & !tmp_16_i)> <Delay = 3.79> <Core = "DivnS">   --->   Core 23 'DivnS' <Latency = 23> <II = 1> <Delay = 3.79> <FuncUnit> <Opcode : 'sdiv' 'srem' 'udiv' 'urem'> <InPorts = 2> <OutPorts = 1>

State 21 <SV = 20> <Delay = 8.27>
ST_21 : Operation 151 [4/12] (8.27ns)   --->   "%x_assign_2 = call float @llvm.sqrt.f32(float %x_assign) nounwind" [r:/builds/2018.3/continuous/2018_12_06_2405991/src/products/hls/hls_lib/hlsmath/src/c++/sqrtfloat.cpp:6->HLS-canny-edge-detection-master/src/HlsImProc.hpp:317]   --->   Operation 151 'fsqrt' 'x_assign_2' <Predicate = (!tmp_3_i)> <Delay = 8.27> <Core = "FSqrt">   --->   Core 107 'FSqrt' <Latency = 11> <II = 1> <Delay = 8.27> <FuncUnit> <Opcode : 'fsqrt'> <InPorts = 1> <OutPorts = 1>
ST_21 : Operation 152 [9/24] (3.79ns)   --->   "%tmp_18_i = sdiv i20 %tmp_25_tr_cast_i, %pix_h_sobel_2_2_2_tr" [HLS-canny-edge-detection-master/src/HlsImProc.hpp:327]   --->   Operation 152 'sdiv' 'tmp_18_i' <Predicate = (!tmp_3_i & !tmp_16_i)> <Delay = 3.79> <Core = "DivnS">   --->   Core 23 'DivnS' <Latency = 23> <II = 1> <Delay = 3.79> <FuncUnit> <Opcode : 'sdiv' 'srem' 'udiv' 'urem'> <InPorts = 2> <OutPorts = 1>

State 22 <SV = 21> <Delay = 8.27>
ST_22 : Operation 153 [3/12] (8.27ns)   --->   "%x_assign_2 = call float @llvm.sqrt.f32(float %x_assign) nounwind" [r:/builds/2018.3/continuous/2018_12_06_2405991/src/products/hls/hls_lib/hlsmath/src/c++/sqrtfloat.cpp:6->HLS-canny-edge-detection-master/src/HlsImProc.hpp:317]   --->   Operation 153 'fsqrt' 'x_assign_2' <Predicate = (!tmp_3_i)> <Delay = 8.27> <Core = "FSqrt">   --->   Core 107 'FSqrt' <Latency = 11> <II = 1> <Delay = 8.27> <FuncUnit> <Opcode : 'fsqrt'> <InPorts = 1> <OutPorts = 1>
ST_22 : Operation 154 [8/24] (3.79ns)   --->   "%tmp_18_i = sdiv i20 %tmp_25_tr_cast_i, %pix_h_sobel_2_2_2_tr" [HLS-canny-edge-detection-master/src/HlsImProc.hpp:327]   --->   Operation 154 'sdiv' 'tmp_18_i' <Predicate = (!tmp_3_i & !tmp_16_i)> <Delay = 3.79> <Core = "DivnS">   --->   Core 23 'DivnS' <Latency = 23> <II = 1> <Delay = 3.79> <FuncUnit> <Opcode : 'sdiv' 'srem' 'udiv' 'urem'> <InPorts = 2> <OutPorts = 1>

State 23 <SV = 22> <Delay = 8.27>
ST_23 : Operation 155 [2/12] (8.27ns)   --->   "%x_assign_2 = call float @llvm.sqrt.f32(float %x_assign) nounwind" [r:/builds/2018.3/continuous/2018_12_06_2405991/src/products/hls/hls_lib/hlsmath/src/c++/sqrtfloat.cpp:6->HLS-canny-edge-detection-master/src/HlsImProc.hpp:317]   --->   Operation 155 'fsqrt' 'x_assign_2' <Predicate = (!tmp_3_i)> <Delay = 8.27> <Core = "FSqrt">   --->   Core 107 'FSqrt' <Latency = 11> <II = 1> <Delay = 8.27> <FuncUnit> <Opcode : 'fsqrt'> <InPorts = 1> <OutPorts = 1>
ST_23 : Operation 156 [7/24] (3.79ns)   --->   "%tmp_18_i = sdiv i20 %tmp_25_tr_cast_i, %pix_h_sobel_2_2_2_tr" [HLS-canny-edge-detection-master/src/HlsImProc.hpp:327]   --->   Operation 156 'sdiv' 'tmp_18_i' <Predicate = (!tmp_3_i & !tmp_16_i)> <Delay = 3.79> <Core = "DivnS">   --->   Core 23 'DivnS' <Latency = 23> <II = 1> <Delay = 3.79> <FuncUnit> <Opcode : 'sdiv' 'srem' 'udiv' 'urem'> <InPorts = 2> <OutPorts = 1>

State 24 <SV = 23> <Delay = 8.27>
ST_24 : Operation 157 [1/12] (8.27ns)   --->   "%x_assign_2 = call float @llvm.sqrt.f32(float %x_assign) nounwind" [r:/builds/2018.3/continuous/2018_12_06_2405991/src/products/hls/hls_lib/hlsmath/src/c++/sqrtfloat.cpp:6->HLS-canny-edge-detection-master/src/HlsImProc.hpp:317]   --->   Operation 157 'fsqrt' 'x_assign_2' <Predicate = (!tmp_3_i)> <Delay = 8.27> <Core = "FSqrt">   --->   Core 107 'FSqrt' <Latency = 11> <II = 1> <Delay = 8.27> <FuncUnit> <Opcode : 'fsqrt'> <InPorts = 1> <OutPorts = 1>
ST_24 : Operation 158 [6/24] (3.79ns)   --->   "%tmp_18_i = sdiv i20 %tmp_25_tr_cast_i, %pix_h_sobel_2_2_2_tr" [HLS-canny-edge-detection-master/src/HlsImProc.hpp:327]   --->   Operation 158 'sdiv' 'tmp_18_i' <Predicate = (!tmp_3_i & !tmp_16_i)> <Delay = 3.79> <Core = "DivnS">   --->   Core 23 'DivnS' <Latency = 23> <II = 1> <Delay = 3.79> <FuncUnit> <Opcode : 'sdiv' 'srem' 'udiv' 'urem'> <InPorts = 2> <OutPorts = 1>

State 25 <SV = 24> <Delay = 7.57>
ST_25 : Operation 159 [1/1] (0.00ns)   --->   "%p_Val2_s = bitcast float %x_assign_2 to i32" [r:/builds/2018.3/continuous/2018_12_06_2405991/src/products/hls/hls_lib/src/hls\utils/x_hls_utils.h:310->r:/builds/2018.3/continuous/2018_12_06_2405991/src/products/hls/hls_lib/src/hls\utils/x_hls_utils.h:319->r:/builds/2018.3/continuous/2018_12_06_2405991/src/products/hls/hls_lib/hlsmath/include/FloatingPoint\hls_case_IEEE754.h:12->r:/builds/2018.3/continuous/2018_12_06_2405991/src/products/hls/hls_lib/hlsmath/include/FloatingPoint\hls_case_IEEE754.h:116->r:/builds/2018.3/continuous/2018_12_06_2405991/src/products/hls/hls_lib/hlsmath/src/lib_floatconversion.cpp:50->HLS-canny-edge-detection-master/src/HlsImProc.hpp:317]   --->   Operation 159 'bitcast' 'p_Val2_s' <Predicate = (!tmp_3_i)> <Delay = 0.00>
ST_25 : Operation 160 [1/1] (0.00ns)   --->   "%p_Result_s = call i1 @_ssdm_op_BitSelect.i1.i32.i32(i32 %p_Val2_s, i32 31)" [r:/builds/2018.3/continuous/2018_12_06_2405991/src/products/hls/hls_lib/src/hls\utils/x_hls_utils.h:310->r:/builds/2018.3/continuous/2018_12_06_2405991/src/products/hls/hls_lib/src/hls\utils/x_hls_utils.h:319->r:/builds/2018.3/continuous/2018_12_06_2405991/src/products/hls/hls_lib/hlsmath/include/FloatingPoint\hls_case_IEEE754.h:12->r:/builds/2018.3/continuous/2018_12_06_2405991/src/products/hls/hls_lib/hlsmath/include/FloatingPoint\hls_case_IEEE754.h:116->r:/builds/2018.3/continuous/2018_12_06_2405991/src/products/hls/hls_lib/hlsmath/src/lib_floatconversion.cpp:50->HLS-canny-edge-detection-master/src/HlsImProc.hpp:317]   --->   Operation 160 'bitselect' 'p_Result_s' <Predicate = (!tmp_3_i)> <Delay = 0.00>
ST_25 : Operation 161 [1/1] (0.00ns)   --->   "%tmp_V = call i8 @_ssdm_op_PartSelect.i8.i32.i32.i32(i32 %p_Val2_s, i32 23, i32 30) nounwind" [r:/builds/2018.3/continuous/2018_12_06_2405991/src/products/hls/hls_lib/src/hls\utils/x_hls_utils.h:317->r:/builds/2018.3/continuous/2018_12_06_2405991/src/products/hls/hls_lib/src/hls\utils/x_hls_utils.h:319->r:/builds/2018.3/continuous/2018_12_06_2405991/src/products/hls/hls_lib/hlsmath/include/FloatingPoint\hls_case_IEEE754.h:12->r:/builds/2018.3/continuous/2018_12_06_2405991/src/products/hls/hls_lib/hlsmath/include/FloatingPoint\hls_case_IEEE754.h:116->r:/builds/2018.3/continuous/2018_12_06_2405991/src/products/hls/hls_lib/hlsmath/src/lib_floatconversion.cpp:50->HLS-canny-edge-detection-master/src/HlsImProc.hpp:317]   --->   Operation 161 'partselect' 'tmp_V' <Predicate = (!tmp_3_i)> <Delay = 0.00>
ST_25 : Operation 162 [1/1] (0.00ns)   --->   "%tmp_V_1 = trunc i32 %p_Val2_s to i23" [r:/builds/2018.3/continuous/2018_12_06_2405991/src/products/hls/hls_lib/src/hls\utils/x_hls_utils.h:318->r:/builds/2018.3/continuous/2018_12_06_2405991/src/products/hls/hls_lib/src/hls\utils/x_hls_utils.h:319->r:/builds/2018.3/continuous/2018_12_06_2405991/src/products/hls/hls_lib/hlsmath/include/FloatingPoint\hls_case_IEEE754.h:12->r:/builds/2018.3/continuous/2018_12_06_2405991/src/products/hls/hls_lib/hlsmath/include/FloatingPoint\hls_case_IEEE754.h:116->r:/builds/2018.3/continuous/2018_12_06_2405991/src/products/hls/hls_lib/hlsmath/src/lib_floatconversion.cpp:50->HLS-canny-edge-detection-master/src/HlsImProc.hpp:317]   --->   Operation 162 'trunc' 'tmp_V_1' <Predicate = (!tmp_3_i)> <Delay = 0.00>
ST_25 : Operation 163 [1/1] (0.00ns)   --->   "%mantissa_V = call i25 @_ssdm_op_BitConcatenate.i25.i1.i23.i1(i1 true, i23 %tmp_V_1, i1 false)" [r:/builds/2018.3/continuous/2018_12_06_2405991/src/products/hls/hls_lib/hlsmath/include/FloatingPoint\hls_case_IEEE754.h:14->r:/builds/2018.3/continuous/2018_12_06_2405991/src/products/hls/hls_lib/hlsmath/include/FloatingPoint\hls_case_IEEE754.h:116->r:/builds/2018.3/continuous/2018_12_06_2405991/src/products/hls/hls_lib/hlsmath/src/lib_floatconversion.cpp:50->HLS-canny-edge-detection-master/src/HlsImProc.hpp:317]   --->   Operation 163 'bitconcatenate' 'mantissa_V' <Predicate = (!tmp_3_i)> <Delay = 0.00>
ST_25 : Operation 164 [1/1] (0.00ns) (grouped into LUT with out node p_Val2_5)   --->   "%mantissa_V_1_i_i_i_c = zext i25 %mantissa_V to i79" [r:/builds/2018.3/continuous/2018_12_06_2405991/src/products/hls/hls_lib/hlsmath/include/FloatingPoint\hls_case_IEEE754.h:14->r:/builds/2018.3/continuous/2018_12_06_2405991/src/products/hls/hls_lib/hlsmath/include/FloatingPoint\hls_case_IEEE754.h:116->r:/builds/2018.3/continuous/2018_12_06_2405991/src/products/hls/hls_lib/hlsmath/src/lib_floatconversion.cpp:50->HLS-canny-edge-detection-master/src/HlsImProc.hpp:317]   --->   Operation 164 'zext' 'mantissa_V_1_i_i_i_c' <Predicate = (!tmp_3_i)> <Delay = 0.00>
ST_25 : Operation 165 [1/1] (0.00ns)   --->   "%tmp_i_i_i_i_cast_i = zext i8 %tmp_V to i9" [r:/builds/2018.3/continuous/2018_12_06_2405991/src/products/hls/hls_lib/src/hls\utils/x_hls_utils.h:339->r:/builds/2018.3/continuous/2018_12_06_2405991/src/products/hls/hls_lib/hlsmath/include/FloatingPoint\hls_case_IEEE754.h:17->r:/builds/2018.3/continuous/2018_12_06_2405991/src/products/hls/hls_lib/hlsmath/include/FloatingPoint\hls_case_IEEE754.h:116->r:/builds/2018.3/continuous/2018_12_06_2405991/src/products/hls/hls_lib/hlsmath/src/lib_floatconversion.cpp:50->HLS-canny-edge-detection-master/src/HlsImProc.hpp:317]   --->   Operation 165 'zext' 'tmp_i_i_i_i_cast_i' <Predicate = (!tmp_3_i)> <Delay = 0.00>
ST_25 : Operation 166 [1/1] (2.11ns)   --->   "%sh_assign = add i9 -127, %tmp_i_i_i_i_cast_i" [r:/builds/2018.3/continuous/2018_12_06_2405991/src/products/hls/hls_lib/src/hls\utils/x_hls_utils.h:339->r:/builds/2018.3/continuous/2018_12_06_2405991/src/products/hls/hls_lib/hlsmath/include/FloatingPoint\hls_case_IEEE754.h:17->r:/builds/2018.3/continuous/2018_12_06_2405991/src/products/hls/hls_lib/hlsmath/include/FloatingPoint\hls_case_IEEE754.h:116->r:/builds/2018.3/continuous/2018_12_06_2405991/src/products/hls/hls_lib/hlsmath/src/lib_floatconversion.cpp:50->HLS-canny-edge-detection-master/src/HlsImProc.hpp:317]   --->   Operation 166 'add' 'sh_assign' <Predicate = (!tmp_3_i)> <Delay = 2.11> <Core = "AddSub">   --->   Core 14 'AddSub' <Latency = 0> <II = 1> <Delay = 2.12> <FuncUnit> <Opcode : 'add' 'sub'> <InPorts = 2> <OutPorts = 1>
ST_25 : Operation 167 [1/1] (0.00ns)   --->   "%isNeg = call i1 @_ssdm_op_BitSelect.i1.i9.i32(i9 %sh_assign, i32 8)" [r:/builds/2018.3/continuous/2018_12_06_2405991/src/products/hls/hls_lib/hlsmath/include/FloatingPoint\hls_case_IEEE754.h:17->r:/builds/2018.3/continuous/2018_12_06_2405991/src/products/hls/hls_lib/hlsmath/include/FloatingPoint\hls_case_IEEE754.h:116->r:/builds/2018.3/continuous/2018_12_06_2405991/src/products/hls/hls_lib/hlsmath/src/lib_floatconversion.cpp:50->HLS-canny-edge-detection-master/src/HlsImProc.hpp:317]   --->   Operation 167 'bitselect' 'isNeg' <Predicate = (!tmp_3_i)> <Delay = 0.00>
ST_25 : Operation 168 [1/1] (2.11ns)   --->   "%tmp_i_i_i_i = sub i8 127, %tmp_V" [r:/builds/2018.3/continuous/2018_12_06_2405991/src/products/hls/hls_lib/hlsmath/include/FloatingPoint\hls_case_IEEE754.h:17->r:/builds/2018.3/continuous/2018_12_06_2405991/src/products/hls/hls_lib/hlsmath/include/FloatingPoint\hls_case_IEEE754.h:116->r:/builds/2018.3/continuous/2018_12_06_2405991/src/products/hls/hls_lib/hlsmath/src/lib_floatconversion.cpp:50->HLS-canny-edge-detection-master/src/HlsImProc.hpp:317]   --->   Operation 168 'sub' 'tmp_i_i_i_i' <Predicate = (!tmp_3_i)> <Delay = 2.11> <Core = "AddSub">   --->   Core 14 'AddSub' <Latency = 0> <II = 1> <Delay = 2.12> <FuncUnit> <Opcode : 'add' 'sub'> <InPorts = 2> <OutPorts = 1>
ST_25 : Operation 169 [1/1] (0.00ns)   --->   "%tmp_i_i_i_cast_i = sext i8 %tmp_i_i_i_i to i9" [r:/builds/2018.3/continuous/2018_12_06_2405991/src/products/hls/hls_lib/hlsmath/include/FloatingPoint\hls_case_IEEE754.h:17->r:/builds/2018.3/continuous/2018_12_06_2405991/src/products/hls/hls_lib/hlsmath/include/FloatingPoint\hls_case_IEEE754.h:116->r:/builds/2018.3/continuous/2018_12_06_2405991/src/products/hls/hls_lib/hlsmath/src/lib_floatconversion.cpp:50->HLS-canny-edge-detection-master/src/HlsImProc.hpp:317]   --->   Operation 169 'sext' 'tmp_i_i_i_cast_i' <Predicate = (!tmp_3_i)> <Delay = 0.00>
ST_25 : Operation 170 [1/1] (1.37ns)   --->   "%ush = select i1 %isNeg, i9 %tmp_i_i_i_cast_i, i9 %sh_assign" [r:/builds/2018.3/continuous/2018_12_06_2405991/src/products/hls/hls_lib/hlsmath/include/FloatingPoint\hls_case_IEEE754.h:17->r:/builds/2018.3/continuous/2018_12_06_2405991/src/products/hls/hls_lib/hlsmath/include/FloatingPoint\hls_case_IEEE754.h:116->r:/builds/2018.3/continuous/2018_12_06_2405991/src/products/hls/hls_lib/hlsmath/src/lib_floatconversion.cpp:50->HLS-canny-edge-detection-master/src/HlsImProc.hpp:317]   --->   Operation 170 'select' 'ush' <Predicate = (!tmp_3_i)> <Delay = 1.37> <Core = "Sel">   --->   Core 26 'Sel' <Latency = 0> <II = 1> <Delay = 1.37> <FuncUnit> <Opcode : 'select'> <InPorts = 3> <OutPorts = 1>
ST_25 : Operation 171 [1/1] (0.00ns) (grouped into LUT with out node p_Val2_5)   --->   "%sh_assign_2_i_i_i_ca = sext i9 %ush to i32" [r:/builds/2018.3/continuous/2018_12_06_2405991/src/products/hls/hls_lib/hlsmath/include/FloatingPoint\hls_case_IEEE754.h:17->r:/builds/2018.3/continuous/2018_12_06_2405991/src/products/hls/hls_lib/hlsmath/include/FloatingPoint\hls_case_IEEE754.h:116->r:/builds/2018.3/continuous/2018_12_06_2405991/src/products/hls/hls_lib/hlsmath/src/lib_floatconversion.cpp:50->HLS-canny-edge-detection-master/src/HlsImProc.hpp:317]   --->   Operation 171 'sext' 'sh_assign_2_i_i_i_ca' <Predicate = (!tmp_3_i)> <Delay = 0.00>
ST_25 : Operation 172 [1/1] (0.00ns) (grouped into LUT with out node p_Val2_5)   --->   "%sh_assign_2_i_i_i_ca_1 = sext i9 %ush to i25" [r:/builds/2018.3/continuous/2018_12_06_2405991/src/products/hls/hls_lib/hlsmath/include/FloatingPoint\hls_case_IEEE754.h:17->r:/builds/2018.3/continuous/2018_12_06_2405991/src/products/hls/hls_lib/hlsmath/include/FloatingPoint\hls_case_IEEE754.h:116->r:/builds/2018.3/continuous/2018_12_06_2405991/src/products/hls/hls_lib/hlsmath/src/lib_floatconversion.cpp:50->HLS-canny-edge-detection-master/src/HlsImProc.hpp:317]   --->   Operation 172 'sext' 'sh_assign_2_i_i_i_ca_1' <Predicate = (!tmp_3_i)> <Delay = 0.00>
ST_25 : Operation 173 [1/1] (0.00ns) (grouped into LUT with out node p_Val2_5)   --->   "%tmp_i_i_i_i_96 = zext i32 %sh_assign_2_i_i_i_ca to i79" [r:/builds/2018.3/continuous/2018_12_06_2405991/src/products/hls/hls_lib/hlsmath/include/FloatingPoint\hls_case_IEEE754.h:17->r:/builds/2018.3/continuous/2018_12_06_2405991/src/products/hls/hls_lib/hlsmath/include/FloatingPoint\hls_case_IEEE754.h:116->r:/builds/2018.3/continuous/2018_12_06_2405991/src/products/hls/hls_lib/hlsmath/src/lib_floatconversion.cpp:50->HLS-canny-edge-detection-master/src/HlsImProc.hpp:317]   --->   Operation 173 'zext' 'tmp_i_i_i_i_96' <Predicate = (!tmp_3_i)> <Delay = 0.00>
ST_25 : Operation 174 [1/1] (0.00ns) (grouped into LUT with out node p_Val2_5)   --->   "%r_V = lshr i25 %mantissa_V, %sh_assign_2_i_i_i_ca_1" [r:/builds/2018.3/continuous/2018_12_06_2405991/src/products/hls/hls_lib/hlsmath/include/FloatingPoint\hls_case_IEEE754.h:17->r:/builds/2018.3/continuous/2018_12_06_2405991/src/products/hls/hls_lib/hlsmath/include/FloatingPoint\hls_case_IEEE754.h:116->r:/builds/2018.3/continuous/2018_12_06_2405991/src/products/hls/hls_lib/hlsmath/src/lib_floatconversion.cpp:50->HLS-canny-edge-detection-master/src/HlsImProc.hpp:317]   --->   Operation 174 'lshr' 'r_V' <Predicate = (!tmp_3_i)> <Delay = 0.00> <Core = "Shift">   --->   Core 28 'Shift' <Latency = 0> <II = 1> <Delay = 4.08> <FuncUnit> <Opcode : 'shl' 'lshr' 'ashr'> <InPorts = 2> <OutPorts = 1>
ST_25 : Operation 175 [1/1] (0.00ns) (grouped into LUT with out node p_Val2_5)   --->   "%r_V_1 = shl i79 %mantissa_V_1_i_i_i_c, %tmp_i_i_i_i_96" [r:/builds/2018.3/continuous/2018_12_06_2405991/src/products/hls/hls_lib/hlsmath/include/FloatingPoint\hls_case_IEEE754.h:17->r:/builds/2018.3/continuous/2018_12_06_2405991/src/products/hls/hls_lib/hlsmath/include/FloatingPoint\hls_case_IEEE754.h:116->r:/builds/2018.3/continuous/2018_12_06_2405991/src/products/hls/hls_lib/hlsmath/src/lib_floatconversion.cpp:50->HLS-canny-edge-detection-master/src/HlsImProc.hpp:317]   --->   Operation 175 'shl' 'r_V_1' <Predicate = (!tmp_3_i)> <Delay = 0.00> <Core = "Shift">   --->   Core 28 'Shift' <Latency = 0> <II = 1> <Delay = 4.08> <FuncUnit> <Opcode : 'shl' 'lshr' 'ashr'> <InPorts = 2> <OutPorts = 1>
ST_25 : Operation 176 [1/1] (0.00ns) (grouped into LUT with out node p_Val2_5)   --->   "%tmp_8 = call i1 @_ssdm_op_BitSelect.i1.i25.i32(i25 %r_V, i32 24)" [r:/builds/2018.3/continuous/2018_12_06_2405991/src/products/hls/hls_lib/hlsmath/include/FloatingPoint\hls_case_IEEE754.h:20->r:/builds/2018.3/continuous/2018_12_06_2405991/src/products/hls/hls_lib/hlsmath/include/FloatingPoint\hls_case_IEEE754.h:116->r:/builds/2018.3/continuous/2018_12_06_2405991/src/products/hls/hls_lib/hlsmath/src/lib_floatconversion.cpp:50->HLS-canny-edge-detection-master/src/HlsImProc.hpp:317]   --->   Operation 176 'bitselect' 'tmp_8' <Predicate = (!tmp_3_i)> <Delay = 0.00>
ST_25 : Operation 177 [1/1] (0.00ns) (grouped into LUT with out node p_Val2_5)   --->   "%tmp_4 = zext i1 %tmp_8 to i32" [r:/builds/2018.3/continuous/2018_12_06_2405991/src/products/hls/hls_lib/hlsmath/include/FloatingPoint\hls_case_IEEE754.h:20->r:/builds/2018.3/continuous/2018_12_06_2405991/src/products/hls/hls_lib/hlsmath/include/FloatingPoint\hls_case_IEEE754.h:116->r:/builds/2018.3/continuous/2018_12_06_2405991/src/products/hls/hls_lib/hlsmath/src/lib_floatconversion.cpp:50->HLS-canny-edge-detection-master/src/HlsImProc.hpp:317]   --->   Operation 177 'zext' 'tmp_4' <Predicate = (!tmp_3_i)> <Delay = 0.00>
ST_25 : Operation 178 [1/1] (0.00ns) (grouped into LUT with out node p_Val2_5)   --->   "%tmp_5 = call i32 @_ssdm_op_PartSelect.i32.i79.i32.i32(i79 %r_V_1, i32 24, i32 55)" [r:/builds/2018.3/continuous/2018_12_06_2405991/src/products/hls/hls_lib/hlsmath/include/FloatingPoint\hls_case_IEEE754.h:20->r:/builds/2018.3/continuous/2018_12_06_2405991/src/products/hls/hls_lib/hlsmath/include/FloatingPoint\hls_case_IEEE754.h:116->r:/builds/2018.3/continuous/2018_12_06_2405991/src/products/hls/hls_lib/hlsmath/src/lib_floatconversion.cpp:50->HLS-canny-edge-detection-master/src/HlsImProc.hpp:317]   --->   Operation 178 'partselect' 'tmp_5' <Predicate = (!tmp_3_i)> <Delay = 0.00>
ST_25 : Operation 179 [1/1] (4.08ns) (out node of the LUT)   --->   "%p_Val2_5 = select i1 %isNeg, i32 %tmp_4, i32 %tmp_5" [r:/builds/2018.3/continuous/2018_12_06_2405991/src/products/hls/hls_lib/hlsmath/include/FloatingPoint\hls_case_IEEE754.h:17->r:/builds/2018.3/continuous/2018_12_06_2405991/src/products/hls/hls_lib/hlsmath/include/FloatingPoint\hls_case_IEEE754.h:116->r:/builds/2018.3/continuous/2018_12_06_2405991/src/products/hls/hls_lib/hlsmath/src/lib_floatconversion.cpp:50->HLS-canny-edge-detection-master/src/HlsImProc.hpp:317]   --->   Operation 179 'select' 'p_Val2_5' <Predicate = (!tmp_3_i)> <Delay = 4.08> <Core = "Sel">   --->   Core 26 'Sel' <Latency = 0> <II = 1> <Delay = 1.37> <FuncUnit> <Opcode : 'select'> <InPorts = 3> <OutPorts = 1>
ST_25 : Operation 180 [5/24] (3.79ns)   --->   "%tmp_18_i = sdiv i20 %tmp_25_tr_cast_i, %pix_h_sobel_2_2_2_tr" [HLS-canny-edge-detection-master/src/HlsImProc.hpp:327]   --->   Operation 180 'sdiv' 'tmp_18_i' <Predicate = (!tmp_3_i & !tmp_16_i)> <Delay = 3.79> <Core = "DivnS">   --->   Core 23 'DivnS' <Latency = 23> <II = 1> <Delay = 3.79> <FuncUnit> <Opcode : 'sdiv' 'srem' 'udiv' 'urem'> <InPorts = 2> <OutPorts = 1>

State 26 <SV = 25> <Delay = 7.85>
ST_26 : Operation 181 [1/1] (0.00ns)   --->   "%tmp_7_i = call i32 (...)* @_ssdm_op_SpecRegionBegin([12 x i8]* @p_str13)" [HLS-canny-edge-detection-master/src/HlsImProc.hpp:273]   --->   Operation 181 'specregionbegin' 'tmp_7_i' <Predicate = (!tmp_3_i)> <Delay = 0.00>
ST_26 : Operation 182 [1/1] (0.00ns)   --->   "call void (...)* @_ssdm_op_SpecPipeline(i32 1, i32 1, i32 1, i32 0, [1 x i8]* @p_str2) nounwind" [HLS-canny-edge-detection-master/src/HlsImProc.hpp:274]   --->   Operation 182 'specpipeline' <Predicate = (!tmp_3_i)> <Delay = 0.00>
ST_26 : Operation 183 [1/1] (2.70ns)   --->   "%result_V_1 = sub i32 0, %p_Val2_5" [r:/builds/2018.3/continuous/2018_12_06_2405991/src/products/hls/hls_lib/hlsmath/include/FloatingPoint\hls_case_IEEE754.h:58->r:/builds/2018.3/continuous/2018_12_06_2405991/src/products/hls/hls_lib/hlsmath/include/FloatingPoint\hls_case_IEEE754.h:116->r:/builds/2018.3/continuous/2018_12_06_2405991/src/products/hls/hls_lib/hlsmath/src/lib_floatconversion.cpp:50->HLS-canny-edge-detection-master/src/HlsImProc.hpp:317]   --->   Operation 183 'sub' 'result_V_1' <Predicate = (!tmp_3_i & p_Result_s)> <Delay = 2.70> <Core = "AddSub">   --->   Core 14 'AddSub' <Latency = 0> <II = 1> <Delay = 2.12> <FuncUnit> <Opcode : 'add' 'sub'> <InPorts = 2> <OutPorts = 1>
ST_26 : Operation 184 [1/1] (1.37ns)   --->   "%p_Val2_6 = select i1 %p_Result_s, i32 %result_V_1, i32 %p_Val2_5" [r:/builds/2018.3/continuous/2018_12_06_2405991/src/products/hls/hls_lib/hlsmath/include/FloatingPoint\hls_case_IEEE754.h:58->r:/builds/2018.3/continuous/2018_12_06_2405991/src/products/hls/hls_lib/hlsmath/include/FloatingPoint\hls_case_IEEE754.h:116->r:/builds/2018.3/continuous/2018_12_06_2405991/src/products/hls/hls_lib/hlsmath/src/lib_floatconversion.cpp:50->HLS-canny-edge-detection-master/src/HlsImProc.hpp:317]   --->   Operation 184 'select' 'p_Val2_6' <Predicate = (!tmp_3_i)> <Delay = 1.37> <Core = "Sel">   --->   Core 26 'Sel' <Latency = 0> <II = 1> <Delay = 1.37> <FuncUnit> <Opcode : 'select'> <InPorts = 3> <OutPorts = 1>
ST_26 : Operation 185 [1/1] (0.00ns)   --->   "%tmp_9 = call i24 @_ssdm_op_PartSelect.i24.i32.i32.i32(i32 %p_Val2_6, i32 8, i32 31)" [HLS-canny-edge-detection-master/src/HlsImProc.hpp:320]   --->   Operation 185 'partselect' 'tmp_9' <Predicate = (!tmp_3_i)> <Delay = 0.00>
ST_26 : Operation 186 [1/1] (2.40ns)   --->   "%icmp5 = icmp sgt i24 %tmp_9, 0" [HLS-canny-edge-detection-master/src/HlsImProc.hpp:320]   --->   Operation 186 'icmp' 'icmp5' <Predicate = (!tmp_3_i)> <Delay = 2.40> <Core = "Cmp">   --->   Core 25 'Cmp' <Latency = 0> <II = 1> <Delay = 1.70> <FuncUnit> <Opcode : 'icmp'> <InPorts = 2> <OutPorts = 1>
ST_26 : Operation 187 [4/24] (3.79ns)   --->   "%tmp_18_i = sdiv i20 %tmp_25_tr_cast_i, %pix_h_sobel_2_2_2_tr" [HLS-canny-edge-detection-master/src/HlsImProc.hpp:327]   --->   Operation 187 'sdiv' 'tmp_18_i' <Predicate = (!tmp_3_i & !tmp_16_i)> <Delay = 3.79> <Core = "DivnS">   --->   Core 23 'DivnS' <Latency = 23> <II = 1> <Delay = 3.79> <FuncUnit> <Opcode : 'sdiv' 'srem' 'udiv' 'urem'> <InPorts = 2> <OutPorts = 1>
ST_26 : Operation 188 [1/1] (0.00ns)   --->   "%tmp_11 = trunc i32 %p_Val2_6 to i8" [HLS-canny-edge-detection-master/src/HlsImProc.hpp:353]   --->   Operation 188 'trunc' 'tmp_11' <Predicate = (or_cond3_i)> <Delay = 0.00>
ST_26 : Operation 189 [1/1] (1.37ns)   --->   "%tmp_28_i = select i1 %icmp5, i8 -1, i8 %tmp_11" [HLS-canny-edge-detection-master/src/HlsImProc.hpp:353]   --->   Operation 189 'select' 'tmp_28_i' <Predicate = (or_cond3_i)> <Delay = 1.37> <Core = "Sel">   --->   Core 26 'Sel' <Latency = 0> <II = 1> <Delay = 1.37> <FuncUnit> <Opcode : 'select'> <InPorts = 3> <OutPorts = 1>
ST_26 : Operation 190 [1/1] (0.00ns)   --->   "%empty = call i32 (...)* @_ssdm_op_SpecRegionEnd([12 x i8]* @p_str13, i32 %tmp_7_i)" [HLS-canny-edge-detection-master/src/HlsImProc.hpp:360]   --->   Operation 190 'specregionend' 'empty' <Predicate = (!tmp_3_i)> <Delay = 0.00>
ST_26 : Operation 191 [1/1] (0.00ns)   --->   "br label %.preheader18.i" [HLS-canny-edge-detection-master/src/HlsImProc.hpp:273]   --->   Operation 191 'br' <Predicate = (!tmp_3_i)> <Delay = 0.00>

State 27 <SV = 26> <Delay = 3.79>
ST_27 : Operation 192 [3/24] (3.79ns)   --->   "%tmp_18_i = sdiv i20 %tmp_25_tr_cast_i, %pix_h_sobel_2_2_2_tr" [HLS-canny-edge-detection-master/src/HlsImProc.hpp:327]   --->   Operation 192 'sdiv' 'tmp_18_i' <Predicate = (!tmp_3_i & !tmp_16_i)> <Delay = 3.79> <Core = "DivnS">   --->   Core 23 'DivnS' <Latency = 23> <II = 1> <Delay = 3.79> <FuncUnit> <Opcode : 'sdiv' 'srem' 'udiv' 'urem'> <InPorts = 2> <OutPorts = 1>

State 28 <SV = 27> <Delay = 3.79>
ST_28 : Operation 193 [2/24] (3.79ns)   --->   "%tmp_18_i = sdiv i20 %tmp_25_tr_cast_i, %pix_h_sobel_2_2_2_tr" [HLS-canny-edge-detection-master/src/HlsImProc.hpp:327]   --->   Operation 193 'sdiv' 'tmp_18_i' <Predicate = (!tmp_3_i & !tmp_16_i)> <Delay = 3.79> <Core = "DivnS">   --->   Core 23 'DivnS' <Latency = 23> <II = 1> <Delay = 3.79> <FuncUnit> <Opcode : 'sdiv' 'srem' 'udiv' 'urem'> <InPorts = 2> <OutPorts = 1>

State 29 <SV = 28> <Delay = 3.79>
ST_29 : Operation 194 [1/24] (3.79ns)   --->   "%tmp_18_i = sdiv i20 %tmp_25_tr_cast_i, %pix_h_sobel_2_2_2_tr" [HLS-canny-edge-detection-master/src/HlsImProc.hpp:327]   --->   Operation 194 'sdiv' 'tmp_18_i' <Predicate = (!tmp_3_i & !tmp_16_i)> <Delay = 3.79> <Core = "DivnS">   --->   Core 23 'DivnS' <Latency = 23> <II = 1> <Delay = 3.79> <FuncUnit> <Opcode : 'sdiv' 'srem' 'udiv' 'urem'> <InPorts = 2> <OutPorts = 1>
ST_29 : Operation 195 [1/1] (0.00ns)   --->   "%t_int = sext i20 %tmp_18_i to i32" [HLS-canny-edge-detection-master/src/HlsImProc.hpp:327]   --->   Operation 195 'sext' 't_int' <Predicate = (!tmp_3_i & !tmp_16_i)> <Delay = 0.00>
ST_29 : Operation 196 [1/1] (1.66ns)   --->   "br label %._crit_edge.i_ifconv" [HLS-canny-edge-detection-master/src/HlsImProc.hpp:328]   --->   Operation 196 'br' <Predicate = (!tmp_3_i & !tmp_16_i)> <Delay = 1.66>

State 30 <SV = 29> <Delay = 8.65>
ST_30 : Operation 197 [1/1] (0.00ns)   --->   "%t_int1_i = phi i32 [ %t_int, %0 ], [ 2147483647, %.preheader17.preheader.0.i ]"   --->   Operation 197 'phi' 't_int1_i' <Predicate = true> <Delay = 0.00>
ST_30 : Operation 198 [1/1] (2.43ns)   --->   "%tmp_19_i = icmp sgt i32 %t_int1_i, -618" [HLS-canny-edge-detection-master/src/HlsImProc.hpp:334]   --->   Operation 198 'icmp' 'tmp_19_i' <Predicate = true> <Delay = 2.43> <Core = "Cmp">   --->   Core 25 'Cmp' <Latency = 0> <II = 1> <Delay = 1.70> <FuncUnit> <Opcode : 'icmp'> <InPorts = 2> <OutPorts = 1>
ST_30 : Operation 199 [1/1] (2.43ns)   --->   "%tmp_20_i = icmp slt i32 %t_int1_i, -105" [HLS-canny-edge-detection-master/src/HlsImProc.hpp:334]   --->   Operation 199 'icmp' 'tmp_20_i' <Predicate = true> <Delay = 2.43> <Core = "Cmp">   --->   Core 25 'Cmp' <Latency = 0> <II = 1> <Delay = 1.70> <FuncUnit> <Opcode : 'icmp'> <InPorts = 2> <OutPorts = 1>
ST_30 : Operation 200 [1/1] (0.00ns) (grouped into LUT with out node grad_sobel_2_i)   --->   "%or_cond_i = and i1 %tmp_19_i, %tmp_20_i" [HLS-canny-edge-detection-master/src/HlsImProc.hpp:334]   --->   Operation 200 'and' 'or_cond_i' <Predicate = true> <Delay = 0.00> <Core = "LogicGate">   --->   Core 27 'LogicGate' <Latency = 0> <II = 1> <Delay = 0.94> <FuncUnit> <Opcode : 'and' 'or' 'xor'> <InPorts = 2> <OutPorts = 1>
ST_30 : Operation 201 [1/1] (2.43ns)   --->   "%tmp_21_i = icmp sgt i32 %t_int1_i, -106" [HLS-canny-edge-detection-master/src/HlsImProc.hpp:338]   --->   Operation 201 'icmp' 'tmp_21_i' <Predicate = true> <Delay = 2.43> <Core = "Cmp">   --->   Core 25 'Cmp' <Latency = 0> <II = 1> <Delay = 1.70> <FuncUnit> <Opcode : 'icmp'> <InPorts = 2> <OutPorts = 1>
ST_30 : Operation 202 [1/1] (2.43ns)   --->   "%tmp_22_i = icmp slt i32 %t_int1_i, 107" [HLS-canny-edge-detection-master/src/HlsImProc.hpp:338]   --->   Operation 202 'icmp' 'tmp_22_i' <Predicate = true> <Delay = 2.43> <Core = "Cmp">   --->   Core 25 'Cmp' <Latency = 0> <II = 1> <Delay = 1.70> <FuncUnit> <Opcode : 'icmp'> <InPorts = 2> <OutPorts = 1>
ST_30 : Operation 203 [1/1] (2.43ns)   --->   "%tmp_23_i = icmp sgt i32 %t_int1_i, 106" [HLS-canny-edge-detection-master/src/HlsImProc.hpp:342]   --->   Operation 203 'icmp' 'tmp_23_i' <Predicate = true> <Delay = 2.43> <Core = "Cmp">   --->   Core 25 'Cmp' <Latency = 0> <II = 1> <Delay = 1.70> <FuncUnit> <Opcode : 'icmp'> <InPorts = 2> <OutPorts = 1>
ST_30 : Operation 204 [1/1] (2.43ns)   --->   "%tmp_24_i = icmp slt i32 %t_int1_i, 618" [HLS-canny-edge-detection-master/src/HlsImProc.hpp:342]   --->   Operation 204 'icmp' 'tmp_24_i' <Predicate = true> <Delay = 2.43> <Core = "Cmp">   --->   Core 25 'Cmp' <Latency = 0> <II = 1> <Delay = 1.70> <FuncUnit> <Opcode : 'icmp'> <InPorts = 2> <OutPorts = 1>
ST_30 : Operation 205 [1/1] (0.00ns) (grouped into LUT with out node grad_sobel_2_i)   --->   "%or_cond9_i = and i1 %tmp_23_i, %tmp_24_i" [HLS-canny-edge-detection-master/src/HlsImProc.hpp:342]   --->   Operation 205 'and' 'or_cond9_i' <Predicate = true> <Delay = 0.00> <Core = "LogicGate">   --->   Core 27 'LogicGate' <Latency = 0> <II = 1> <Delay = 0.94> <FuncUnit> <Opcode : 'and' 'or' 'xor'> <InPorts = 2> <OutPorts = 1>
ST_30 : Operation 206 [1/1] (0.00ns) (grouped into LUT with out node grad_sobel_2_i)   --->   "%grad_sobel_i = select i1 %or_cond9_i, i2 1, i2 -2" [HLS-canny-edge-detection-master/src/HlsImProc.hpp:342]   --->   Operation 206 'select' 'grad_sobel_i' <Predicate = true> <Delay = 0.00> <Core = "Sel">   --->   Core 26 'Sel' <Latency = 0> <II = 1> <Delay = 1.37> <FuncUnit> <Opcode : 'select'> <InPorts = 3> <OutPorts = 1>
ST_30 : Operation 207 [1/1] (0.00ns) (grouped into LUT with out node sel_tmp2)   --->   "%sel_tmp1_demorgan = and i1 %tmp_19_i, %tmp_20_i" [HLS-canny-edge-detection-master/src/HlsImProc.hpp:334]   --->   Operation 207 'and' 'sel_tmp1_demorgan' <Predicate = true> <Delay = 0.00> <Core = "LogicGate">   --->   Core 27 'LogicGate' <Latency = 0> <II = 1> <Delay = 0.94> <FuncUnit> <Opcode : 'and' 'or' 'xor'> <InPorts = 2> <OutPorts = 1>
ST_30 : Operation 208 [1/1] (0.00ns) (grouped into LUT with out node sel_tmp2)   --->   "%sel_tmp1 = xor i1 %sel_tmp1_demorgan, true" [HLS-canny-edge-detection-master/src/HlsImProc.hpp:334]   --->   Operation 208 'xor' 'sel_tmp1' <Predicate = true> <Delay = 0.00> <Core = "LogicGate">   --->   Core 27 'LogicGate' <Latency = 0> <II = 1> <Delay = 0.94> <FuncUnit> <Opcode : 'and' 'or' 'xor'> <InPorts = 2> <OutPorts = 1>
ST_30 : Operation 209 [1/1] (0.00ns) (grouped into LUT with out node sel_tmp2)   --->   "%tmp1 = and i1 %tmp_22_i, %sel_tmp1" [HLS-canny-edge-detection-master/src/HlsImProc.hpp:338]   --->   Operation 209 'and' 'tmp1' <Predicate = true> <Delay = 0.00> <Core = "LogicGate">   --->   Core 27 'LogicGate' <Latency = 0> <II = 1> <Delay = 0.94> <FuncUnit> <Opcode : 'and' 'or' 'xor'> <InPorts = 2> <OutPorts = 1>
ST_30 : Operation 210 [1/1] (0.94ns) (out node of the LUT)   --->   "%sel_tmp2 = and i1 %tmp1, %tmp_21_i" [HLS-canny-edge-detection-master/src/HlsImProc.hpp:338]   --->   Operation 210 'and' 'sel_tmp2' <Predicate = true> <Delay = 0.94> <Core = "LogicGate">   --->   Core 27 'LogicGate' <Latency = 0> <II = 1> <Delay = 0.94> <FuncUnit> <Opcode : 'and' 'or' 'xor'> <InPorts = 2> <OutPorts = 1>
ST_30 : Operation 211 [1/1] (0.00ns) (grouped into LUT with out node grad_sobel_2_i)   --->   "%not_sel_tmp2 = xor i1 %sel_tmp2, true" [HLS-canny-edge-detection-master/src/HlsImProc.hpp:342]   --->   Operation 211 'xor' 'not_sel_tmp2' <Predicate = true> <Delay = 0.00> <Core = "LogicGate">   --->   Core 27 'LogicGate' <Latency = 0> <II = 1> <Delay = 0.94> <FuncUnit> <Opcode : 'and' 'or' 'xor'> <InPorts = 2> <OutPorts = 1>
ST_30 : Operation 212 [1/1] (0.00ns) (grouped into LUT with out node grad_sobel_2_i)   --->   "%sel_tmp_cast = select i1 %not_sel_tmp2, i2 -1, i2 0" [HLS-canny-edge-detection-master/src/HlsImProc.hpp:342]   --->   Operation 212 'select' 'sel_tmp_cast' <Predicate = true> <Delay = 0.00> <Core = "Sel">   --->   Core 26 'Sel' <Latency = 0> <II = 1> <Delay = 1.37> <FuncUnit> <Opcode : 'select'> <InPorts = 3> <OutPorts = 1>
ST_30 : Operation 213 [1/1] (0.00ns) (grouped into LUT with out node grad_sobel_2_i)   --->   "%tmp_1 = or i1 %sel_tmp2, %or_cond_i" [HLS-canny-edge-detection-master/src/HlsImProc.hpp:342]   --->   Operation 213 'or' 'tmp_1' <Predicate = true> <Delay = 0.00> <Core = "LogicGate">   --->   Core 27 'LogicGate' <Latency = 0> <II = 1> <Delay = 0.94> <FuncUnit> <Opcode : 'and' 'or' 'xor'> <InPorts = 2> <OutPorts = 1>
ST_30 : Operation 214 [1/1] (1.37ns) (out node of the LUT)   --->   "%grad_sobel_2_i = select i1 %tmp_1, i2 %sel_tmp_cast, i2 %grad_sobel_i" [HLS-canny-edge-detection-master/src/HlsImProc.hpp:342]   --->   Operation 214 'select' 'grad_sobel_2_i' <Predicate = true> <Delay = 1.37> <Core = "Sel">   --->   Core 26 'Sel' <Latency = 0> <II = 1> <Delay = 1.37> <FuncUnit> <Opcode : 'select'> <InPorts = 3> <OutPorts = 1>
ST_30 : Operation 215 [1/1] (3.90ns)   --->   "call void @_ssdm_op_Write.ap_fifo.volatile.i8P(i8* @fifo3_value, i8 0)" [HLS-canny-edge-detection-master/src/HlsImProc.hpp:357]   --->   Operation 215 'write' <Predicate = (!or_cond3_i)> <Delay = 3.90> <Core = "FIFO">   --->   Core 32 'FIFO' <Latency = 0> <II = 1> <Delay = 3.90> <Storage> <Opcode : 'read' 'write' 'nbread' 'nbwrite'> <Ports = 0> <Width = 2> <Depth = 2> <FIFO>
ST_30 : Operation 216 [1/1] (3.90ns)   --->   "call void @_ssdm_op_Write.ap_fifo.volatile.i2P(i2* @fifo3_grad, i2 %grad_sobel_2_i)" [HLS-canny-edge-detection-master/src/HlsImProc.hpp:358]   --->   Operation 216 'write' <Predicate = (!or_cond3_i)> <Delay = 3.90> <Core = "FIFO">   --->   Core 32 'FIFO' <Latency = 0> <II = 1> <Delay = 3.90> <Storage> <Opcode : 'read' 'write' 'nbread' 'nbwrite'> <Ports = 0> <Width = 2> <Depth = 2> <FIFO>
ST_30 : Operation 217 [1/1] (0.00ns)   --->   "br label %3"   --->   Operation 217 'br' <Predicate = (!or_cond3_i)> <Delay = 0.00>
ST_30 : Operation 218 [1/1] (3.90ns)   --->   "call void @_ssdm_op_Write.ap_fifo.volatile.i8P(i8* @fifo3_value, i8 %tmp_28_i)" [HLS-canny-edge-detection-master/src/HlsImProc.hpp:353]   --->   Operation 218 'write' <Predicate = (or_cond3_i)> <Delay = 3.90> <Core = "FIFO">   --->   Core 32 'FIFO' <Latency = 0> <II = 1> <Delay = 3.90> <Storage> <Opcode : 'read' 'write' 'nbread' 'nbwrite'> <Ports = 0> <Width = 2> <Depth = 2> <FIFO>
ST_30 : Operation 219 [1/1] (3.90ns)   --->   "call void @_ssdm_op_Write.ap_fifo.volatile.i2P(i2* @fifo3_grad, i2 %grad_sobel_2_i)" [HLS-canny-edge-detection-master/src/HlsImProc.hpp:354]   --->   Operation 219 'write' <Predicate = (or_cond3_i)> <Delay = 3.90> <Core = "FIFO">   --->   Core 32 'FIFO' <Latency = 0> <II = 1> <Delay = 3.90> <Storage> <Opcode : 'read' 'write' 'nbread' 'nbwrite'> <Ports = 0> <Width = 2> <Depth = 2> <FIFO>
ST_30 : Operation 220 [1/1] (0.00ns)   --->   "br label %3" [HLS-canny-edge-detection-master/src/HlsImProc.hpp:355]   --->   Operation 220 'br' <Predicate = (or_cond3_i)> <Delay = 0.00>

State 31 <SV = 4> <Delay = 0.00>
ST_31 : Operation 221 [1/1] (0.00ns)   --->   "br label %.loopexit"   --->   Operation 221 'br' <Predicate = true> <Delay = 0.00>


============================================================
+ Verbose Summary: Timing violations
============================================================
Target clock period: 10ns, clock uncertainty: 1.25ns.

 <State 1>: 1.66ns
The critical path consists of the following:
	multiplexor before 'phi' operation ('yi') with incoming values : ('yi', HLS-canny-edge-detection-master/src/HlsImProc.hpp:272) [16]  (1.66 ns)

 <State 2>: 2.64ns
The critical path consists of the following:
	'phi' operation ('yi') with incoming values : ('yi', HLS-canny-edge-detection-master/src/HlsImProc.hpp:272) [16]  (0 ns)
	'icmp' operation ('tmp_2_i', HLS-canny-edge-detection-master/src/HlsImProc.hpp:351) [24]  (1.7 ns)
	'and' operation ('tmp3', HLS-canny-edge-detection-master/src/HlsImProc.hpp:351) [25]  (0.942 ns)

 <State 3>: 3.26ns
The critical path consists of the following:
	'phi' operation ('xi') with incoming values : ('xi', HLS-canny-edge-detection-master/src/HlsImProc.hpp:273) [28]  (0 ns)
	'getelementptr' operation ('line_buf_addr', HLS-canny-edge-detection-master/src/HlsImProc.hpp:283) [43]  (0 ns)
	'load' operation ('line_buf_load', HLS-canny-edge-detection-master/src/HlsImProc.hpp:283) on array 'line_buf', HLS-canny-edge-detection-master/src/HlsImProc.hpp:251 [44]  (3.26 ns)

 <State 4>: 7.49ns
The critical path consists of the following:
	'load' operation ('line_buf_load', HLS-canny-edge-detection-master/src/HlsImProc.hpp:283) on array 'line_buf', HLS-canny-edge-detection-master/src/HlsImProc.hpp:251 [44]  (3.26 ns)
	'sub' operation ('pix_h_sobel_2_0_2_i', HLS-canny-edge-detection-master/src/HlsImProc.hpp:306) [53]  (2.12 ns)
	'add' operation ('pix_h_sobel_2_1_1_i', HLS-canny-edge-detection-master/src/HlsImProc.hpp:306) [57]  (2.12 ns)

 <State 5>: 7.29ns
The critical path consists of the following:
	'load' operation ('window_buf_2_1_loa', HLS-canny-edge-detection-master/src/HlsImProc.hpp:306) on local variable 'window_buf[2][1]' [39]  (0 ns)
	'add' operation ('pix_h_sobel_2_2_1_i', HLS-canny-edge-detection-master/src/HlsImProc.hpp:306) [62]  (3.81 ns)
	'icmp' operation ('tmp_16_i', HLS-canny-edge-detection-master/src/HlsImProc.hpp:326) [109]  (1.81 ns)
	multiplexor before 'phi' operation ('t_int') with incoming values : ('t_int', HLS-canny-edge-detection-master/src/HlsImProc.hpp:327) [119]  (1.66 ns)

 <State 6>: 7.18ns
The critical path consists of the following:
	'mul' operation of DSP[78] ('tmp_10_i', HLS-canny-edge-detection-master/src/HlsImProc.hpp:317) [78]  (7.18 ns)

 <State 7>: 7.18ns
The critical path consists of the following:
	'mul' operation of DSP[80] ('tmp_11_i', HLS-canny-edge-detection-master/src/HlsImProc.hpp:317) [79]  (3.36 ns)
	'add' operation of DSP[80] ('tmp_12_i', HLS-canny-edge-detection-master/src/HlsImProc.hpp:317) [80]  (3.82 ns)

 <State 8>: 8.1ns
The critical path consists of the following:
	'sitofp' operation ('x', HLS-canny-edge-detection-master/src/HlsImProc.hpp:317) [82]  (8.1 ns)

 <State 9>: 8.1ns
The critical path consists of the following:
	'sitofp' operation ('x', HLS-canny-edge-detection-master/src/HlsImProc.hpp:317) [82]  (8.1 ns)

 <State 10>: 8.1ns
The critical path consists of the following:
	'sitofp' operation ('x', HLS-canny-edge-detection-master/src/HlsImProc.hpp:317) [82]  (8.1 ns)

 <State 11>: 8.1ns
The critical path consists of the following:
	'sitofp' operation ('x', HLS-canny-edge-detection-master/src/HlsImProc.hpp:317) [82]  (8.1 ns)

 <State 12>: 8.1ns
The critical path consists of the following:
	'sitofp' operation ('x', HLS-canny-edge-detection-master/src/HlsImProc.hpp:317) [82]  (8.1 ns)

 <State 13>: 8.27ns
The critical path consists of the following:
	'fsqrt' operation ('x', r:/builds/2018.3/continuous/2018_12_06_2405991/src/products/hls/hls_lib/hlsmath/src/c++/sqrtfloat.cpp:6->HLS-canny-edge-detection-master/src/HlsImProc.hpp:317) [83]  (8.27 ns)

 <State 14>: 8.27ns
The critical path consists of the following:
	'fsqrt' operation ('x', r:/builds/2018.3/continuous/2018_12_06_2405991/src/products/hls/hls_lib/hlsmath/src/c++/sqrtfloat.cpp:6->HLS-canny-edge-detection-master/src/HlsImProc.hpp:317) [83]  (8.27 ns)

 <State 15>: 8.27ns
The critical path consists of the following:
	'fsqrt' operation ('x', r:/builds/2018.3/continuous/2018_12_06_2405991/src/products/hls/hls_lib/hlsmath/src/c++/sqrtfloat.cpp:6->HLS-canny-edge-detection-master/src/HlsImProc.hpp:317) [83]  (8.27 ns)

 <State 16>: 8.27ns
The critical path consists of the following:
	'fsqrt' operation ('x', r:/builds/2018.3/continuous/2018_12_06_2405991/src/products/hls/hls_lib/hlsmath/src/c++/sqrtfloat.cpp:6->HLS-canny-edge-detection-master/src/HlsImProc.hpp:317) [83]  (8.27 ns)

 <State 17>: 8.27ns
The critical path consists of the following:
	'fsqrt' operation ('x', r:/builds/2018.3/continuous/2018_12_06_2405991/src/products/hls/hls_lib/hlsmath/src/c++/sqrtfloat.cpp:6->HLS-canny-edge-detection-master/src/HlsImProc.hpp:317) [83]  (8.27 ns)

 <State 18>: 8.27ns
The critical path consists of the following:
	'fsqrt' operation ('x', r:/builds/2018.3/continuous/2018_12_06_2405991/src/products/hls/hls_lib/hlsmath/src/c++/sqrtfloat.cpp:6->HLS-canny-edge-detection-master/src/HlsImProc.hpp:317) [83]  (8.27 ns)

 <State 19>: 8.27ns
The critical path consists of the following:
	'fsqrt' operation ('x', r:/builds/2018.3/continuous/2018_12_06_2405991/src/products/hls/hls_lib/hlsmath/src/c++/sqrtfloat.cpp:6->HLS-canny-edge-detection-master/src/HlsImProc.hpp:317) [83]  (8.27 ns)

 <State 20>: 8.27ns
The critical path consists of the following:
	'fsqrt' operation ('x', r:/builds/2018.3/continuous/2018_12_06_2405991/src/products/hls/hls_lib/hlsmath/src/c++/sqrtfloat.cpp:6->HLS-canny-edge-detection-master/src/HlsImProc.hpp:317) [83]  (8.27 ns)

 <State 21>: 8.27ns
The critical path consists of the following:
	'fsqrt' operation ('x', r:/builds/2018.3/continuous/2018_12_06_2405991/src/products/hls/hls_lib/hlsmath/src/c++/sqrtfloat.cpp:6->HLS-canny-edge-detection-master/src/HlsImProc.hpp:317) [83]  (8.27 ns)

 <State 22>: 8.27ns
The critical path consists of the following:
	'fsqrt' operation ('x', r:/builds/2018.3/continuous/2018_12_06_2405991/src/products/hls/hls_lib/hlsmath/src/c++/sqrtfloat.cpp:6->HLS-canny-edge-detection-master/src/HlsImProc.hpp:317) [83]  (8.27 ns)

 <State 23>: 8.27ns
The critical path consists of the following:
	'fsqrt' operation ('x', r:/builds/2018.3/continuous/2018_12_06_2405991/src/products/hls/hls_lib/hlsmath/src/c++/sqrtfloat.cpp:6->HLS-canny-edge-detection-master/src/HlsImProc.hpp:317) [83]  (8.27 ns)

 <State 24>: 8.27ns
The critical path consists of the following:
	'fsqrt' operation ('x', r:/builds/2018.3/continuous/2018_12_06_2405991/src/products/hls/hls_lib/hlsmath/src/c++/sqrtfloat.cpp:6->HLS-canny-edge-detection-master/src/HlsImProc.hpp:317) [83]  (8.27 ns)

 <State 25>: 7.57ns
The critical path consists of the following:
	'add' operation ('sh', r:/builds/2018.3/continuous/2018_12_06_2405991/src/products/hls/hls_lib/src/hls\utils/x_hls_utils.h:339->r:/builds/2018.3/continuous/2018_12_06_2405991/src/products/hls/hls_lib/hlsmath/include/FloatingPoint\hls_case_IEEE754.h:17->r:/builds/2018.3/continuous/2018_12_06_2405991/src/products/hls/hls_lib/hlsmath/include/FloatingPoint\hls_case_IEEE754.h:116->r:/builds/2018.3/continuous/2018_12_06_2405991/src/products/hls/hls_lib/hlsmath/src/lib_floatconversion.cpp:50->HLS-canny-edge-detection-master/src/HlsImProc.hpp:317) [91]  (2.12 ns)
	'select' operation ('sh', r:/builds/2018.3/continuous/2018_12_06_2405991/src/products/hls/hls_lib/hlsmath/include/FloatingPoint\hls_case_IEEE754.h:17->r:/builds/2018.3/continuous/2018_12_06_2405991/src/products/hls/hls_lib/hlsmath/include/FloatingPoint\hls_case_IEEE754.h:116->r:/builds/2018.3/continuous/2018_12_06_2405991/src/products/hls/hls_lib/hlsmath/src/lib_floatconversion.cpp:50->HLS-canny-edge-detection-master/src/HlsImProc.hpp:317) [95]  (1.37 ns)
	'lshr' operation ('r.V', r:/builds/2018.3/continuous/2018_12_06_2405991/src/products/hls/hls_lib/hlsmath/include/FloatingPoint\hls_case_IEEE754.h:17->r:/builds/2018.3/continuous/2018_12_06_2405991/src/products/hls/hls_lib/hlsmath/include/FloatingPoint\hls_case_IEEE754.h:116->r:/builds/2018.3/continuous/2018_12_06_2405991/src/products/hls/hls_lib/hlsmath/src/lib_floatconversion.cpp:50->HLS-canny-edge-detection-master/src/HlsImProc.hpp:317) [99]  (0 ns)
	'select' operation ('__Val2__', r:/builds/2018.3/continuous/2018_12_06_2405991/src/products/hls/hls_lib/hlsmath/include/FloatingPoint\hls_case_IEEE754.h:17->r:/builds/2018.3/continuous/2018_12_06_2405991/src/products/hls/hls_lib/hlsmath/include/FloatingPoint\hls_case_IEEE754.h:116->r:/builds/2018.3/continuous/2018_12_06_2405991/src/products/hls/hls_lib/hlsmath/src/lib_floatconversion.cpp:50->HLS-canny-edge-detection-master/src/HlsImProc.hpp:317) [104]  (4.09 ns)

 <State 26>: 7.85ns
The critical path consists of the following:
	'sub' operation ('result.V', r:/builds/2018.3/continuous/2018_12_06_2405991/src/products/hls/hls_lib/hlsmath/include/FloatingPoint\hls_case_IEEE754.h:58->r:/builds/2018.3/continuous/2018_12_06_2405991/src/products/hls/hls_lib/hlsmath/include/FloatingPoint\hls_case_IEEE754.h:116->r:/builds/2018.3/continuous/2018_12_06_2405991/src/products/hls/hls_lib/hlsmath/src/lib_floatconversion.cpp:50->HLS-canny-edge-detection-master/src/HlsImProc.hpp:317) [105]  (2.7 ns)
	'select' operation ('__Val2__', r:/builds/2018.3/continuous/2018_12_06_2405991/src/products/hls/hls_lib/hlsmath/include/FloatingPoint\hls_case_IEEE754.h:58->r:/builds/2018.3/continuous/2018_12_06_2405991/src/products/hls/hls_lib/hlsmath/include/FloatingPoint\hls_case_IEEE754.h:116->r:/builds/2018.3/continuous/2018_12_06_2405991/src/products/hls/hls_lib/hlsmath/src/lib_floatconversion.cpp:50->HLS-canny-edge-detection-master/src/HlsImProc.hpp:317) [106]  (1.37 ns)
	'icmp' operation ('icmp5', HLS-canny-edge-detection-master/src/HlsImProc.hpp:320) [108]  (2.41 ns)
	'select' operation ('tmp_28_i', HLS-canny-edge-detection-master/src/HlsImProc.hpp:353) [149]  (1.37 ns)

 <State 27>: 3.8ns
The critical path consists of the following:
	'sdiv' operation ('tmp_18_i', HLS-canny-edge-detection-master/src/HlsImProc.hpp:327) [115]  (3.8 ns)

 <State 28>: 3.8ns
The critical path consists of the following:
	'sdiv' operation ('tmp_18_i', HLS-canny-edge-detection-master/src/HlsImProc.hpp:327) [115]  (3.8 ns)

 <State 29>: 3.8ns
The critical path consists of the following:
	'sdiv' operation ('tmp_18_i', HLS-canny-edge-detection-master/src/HlsImProc.hpp:327) [115]  (3.8 ns)

 <State 30>: 8.66ns
The critical path consists of the following:
	'phi' operation ('t_int') with incoming values : ('t_int', HLS-canny-edge-detection-master/src/HlsImProc.hpp:327) [119]  (0 ns)
	'icmp' operation ('tmp_21_i', HLS-canny-edge-detection-master/src/HlsImProc.hpp:338) [123]  (2.44 ns)
	'and' operation ('sel_tmp2', HLS-canny-edge-detection-master/src/HlsImProc.hpp:338) [132]  (0.942 ns)
	'or' operation ('tmp_1', HLS-canny-edge-detection-master/src/HlsImProc.hpp:342) [135]  (0 ns)
	'select' operation ('grad_sobel_2_i', HLS-canny-edge-detection-master/src/HlsImProc.hpp:342) [136]  (1.37 ns)
	fifo write on port 'fifo3_grad' (HLS-canny-edge-detection-master/src/HlsImProc.hpp:358) [145]  (3.91 ns)

 <State 31>: 0ns
The critical path consists of the following:


============================================================
+ Verbose Summary: Binding
============================================================
N/A
* FSMD analyzer results:
  - Output states:
 - Input state : 
  - Chain level:
	State 1
	State 2
	State 3
	State 4
	State 5
	State 6
	State 7
	State 8
	State 9
	State 10
	State 11
	State 12
	State 13
	State 14
	State 15
	State 16
	State 17
	State 18
	State 19
	State 20
	State 21
	State 22
	State 23
	State 24
	State 25
	State 26
	State 27
	State 28
	State 29
	State 30
	State 31


============================================================
+ Verbose Summary: Datapath Resource usage 
============================================================
N/A
